2023-02-27 01:00:12,983{GMT}	INFO	[jepsen test runner] jepsen.core: Command line:
lein run test -w echo --bin /Users/dennisdang/go/bin/maelstrom-echo --node-count 1 --time-limit 10
2023-02-27 01:00:13,014{GMT}	INFO	[jepsen test runner] jepsen.core: Running test:
{:args []
 :remote
 #jepsen.control.retry.Remote{:remote #jepsen.control.scp.Remote{:cmd-remote #jepsen.control.sshj.SSHJRemote{:concurrency-limit 6,
                                                                                                             :conn-spec nil,
                                                                                                             :client nil,
                                                                                                             :semaphore nil},
                                                                 :conn-spec nil},
                              :conn nil}
 :log-net-send false
 :node-count 1
 :availability nil
 :max-txn-length 4
 :concurrency 1
 :db
 #object[maelstrom.db$db$reify__16142
         "0x1660bba7"
         "maelstrom.db$db$reify__16142@1660bba7"]
 :max-writes-per-key 16
 :leave-db-running? false
 :name "echo"
 :logging-json? false
 :start-time
 #object[org.joda.time.DateTime "0x771c4015" "2023-02-27T01:00:12.969-05:00"]
 :nemesis-interval 10
 :net
 #object[maelstrom.net$jepsen_net$reify__15251
         "0x34d776eb"
         "maelstrom.net$jepsen_net$reify__15251@34d776eb"]
 :client
 #object[maelstrom.workload.echo$client$reify__16863
         "0x60a3a0fa"
         "maelstrom.workload.echo$client$reify__16863@60a3a0fa"]
 :barrier
 #object[java.util.concurrent.CyclicBarrier
         "0x17734113"
         "java.util.concurrent.CyclicBarrier@17734113"]
 :log-stderr false
 :pure-generators true
 :ssh {:dummy? true}
 :rate 5
 :checker
 #object[jepsen.checker$compose$reify__11881
         "0x27aa700"
         "jepsen.checker$compose$reify__11881@27aa700"]
 :argv
 ("test"
  "-w"
  "echo"
  "--bin"
  "/Users/dennisdang/go/bin/maelstrom-echo"
  "--node-count"
  "1"
  "--time-limit"
  "10")
 :nemesis
 (jepsen.nemesis.ReflCompose
  {:fm {:start-partition 0,
        :stop-partition 0,
        :kill 1,
        :start 1,
        :pause 1,
        :resume 1},
   :nemeses [#unprintable "jepsen.nemesis.combined$partition_nemesis$reify__16416@d15f98a"
             #unprintable "jepsen.nemesis.combined$db_nemesis$reify__16397@704c3ca2"]})
 :nodes ["n0"]
 :test-count 1
 :latency {:mean 0, :dist :constant}
 :bin "/Users/dennisdang/go/bin/maelstrom-echo"
 :generator
 (jepsen.generator.TimeLimit
  {:limit 10000000000,
   :cutoff nil,
   :gen (jepsen.generator.Any
         {:gens [(jepsen.generator.OnThreads
                  {:f #{:nemesis},
                   :context-filter #object[jepsen.generator.context$make_thread_filter$lazy_filter__9167
                                           "0x6d4bdb75"
                                           "jepsen.generator.context$make_thread_filter$lazy_filter__9167@6d4bdb75"],
                   :gen nil})
                 (jepsen.generator.OnThreads
                  {:f #jepsen.generator.context.AllBut{:element :nemesis},
                   :context-filter #object[jepsen.generator.context$make_thread_filter$lazy_filter__9167
                                           "0x1dc47df3"
                                           "jepsen.generator.context$make_thread_filter$lazy_filter__9167@1dc47df3"],
                   :gen (jepsen.generator.Stagger
                         {:dt 400000000,
                          :next-time nil,
                          :gen (jepsen.generator.EachThread
                                {:fresh-gen #object[maelstrom.workload.echo$workload$fn__16882
                                                    "0x256a25a8"
                                                    "maelstrom.workload.echo$workload$fn__16882@256a25a8"],
                                 :context-filters #object[clojure.core$promise$reify__8591
                                                          "0x68f67bbd"
                                                          {:status :pending,
                                                           :val nil}],
                                 :gens {}})})})]})})
 :log-net-recv false
 :os
 #object[maelstrom.net$jepsen_os$reify__15254
         "0x5bd585a5"
         "maelstrom.net$jepsen_os$reify__15254@5bd585a5"]
 :time-limit 10
 :workload :echo
 :consistency-models [:strict-serializable]
 :topology :grid}

2023-02-27 01:00:13,796{GMT}	INFO	[jepsen node n0] maelstrom.net: Starting Maelstrom network
2023-02-27 01:00:13,796{GMT}	INFO	[jepsen test runner] jepsen.db: Tearing down DB
2023-02-27 01:00:13,797{GMT}	INFO	[jepsen test runner] jepsen.db: Setting up DB
2023-02-27 01:00:13,798{GMT}	INFO	[jepsen node n0] maelstrom.service: Starting services: (lin-kv lin-tso lww-kv seq-kv)
2023-02-27 01:00:13,799{GMT}	INFO	[jepsen node n0] maelstrom.db: Setting up n0
2023-02-27 01:00:13,799{GMT}	INFO	[jepsen node n0] maelstrom.process: launching /Users/dennisdang/go/bin/maelstrom-echo []
2023-02-27 01:00:13,811{GMT}	INFO	[jepsen test runner] jepsen.core: Relative time begins now
2023-02-27 01:00:13,819{GMT}	INFO	[jepsen worker 0] jepsen.util: 0	:invoke	:echo	"Please echo 127"
2023-02-27 01:00:13,822{GMT}	INFO	[jepsen worker 0] jepsen.util: 0	:ok	:echo	{:echo "Please echo 127", :in_reply_to 1, :msg_id 1, :type "echo_ok"}
2023-02-27 01:00:14,090{GMT}	INFO	[jepsen worker 0] jepsen.util: 0	:invoke	:echo	"Please echo 123"
2023-02-27 01:00:14,093{GMT}	INFO	[jepsen worker 0] jepsen.util: 0	:ok	:echo	{:echo "Please echo 123", :in_reply_to 2, :msg_id 2, :type "echo_ok"}
2023-02-27 01:00:14,374{GMT}	INFO	[jepsen worker 0] jepsen.util: 0	:invoke	:echo	"Please echo 110"
2023-02-27 01:00:14,380{GMT}	INFO	[jepsen worker 0] jepsen.util: 0	:ok	:echo	{:echo "Please echo 110", :in_reply_to 3, :msg_id 3, :type "echo_ok"}
2023-02-27 01:00:14,611{GMT}	INFO	[jepsen worker 0] jepsen.util: 0	:invoke	:echo	"Please echo 8"
2023-02-27 01:00:14,615{GMT}	INFO	[jepsen worker 0] jepsen.util: 0	:ok	:echo	{:echo "Please echo 8", :in_reply_to 4, :msg_id 4, :type "echo_ok"}
2023-02-27 01:00:14,871{GMT}	INFO	[jepsen worker 0] jepsen.util: 0	:invoke	:echo	"Please echo 12"
2023-02-27 01:00:14,875{GMT}	INFO	[jepsen worker 0] jepsen.util: 0	:ok	:echo	{:echo "Please echo 12", :in_reply_to 5, :msg_id 5, :type "echo_ok"}
2023-02-27 01:00:15,114{GMT}	INFO	[jepsen worker 0] jepsen.util: 0	:invoke	:echo	"Please echo 73"
2023-02-27 01:00:15,120{GMT}	INFO	[jepsen worker 0] jepsen.util: 0	:ok	:echo	{:echo "Please echo 73", :in_reply_to 6, :msg_id 6, :type "echo_ok"}
2023-02-27 01:00:15,429{GMT}	INFO	[jepsen worker 0] jepsen.util: 0	:invoke	:echo	"Please echo 39"
2023-02-27 01:00:15,433{GMT}	INFO	[jepsen worker 0] jepsen.util: 0	:ok	:echo	{:echo "Please echo 39", :in_reply_to 7, :msg_id 7, :type "echo_ok"}
2023-02-27 01:00:15,520{GMT}	INFO	[jepsen worker 0] jepsen.util: 0	:invoke	:echo	"Please echo 68"
2023-02-27 01:00:15,523{GMT}	INFO	[jepsen worker 0] jepsen.util: 0	:ok	:echo	{:echo "Please echo 68", :in_reply_to 8, :msg_id 8, :type "echo_ok"}
2023-02-27 01:00:15,802{GMT}	INFO	[jepsen worker 0] jepsen.util: 0	:invoke	:echo	"Please echo 19"
2023-02-27 01:00:15,806{GMT}	INFO	[jepsen worker 0] jepsen.util: 0	:ok	:echo	{:echo "Please echo 19", :in_reply_to 9, :msg_id 9, :type "echo_ok"}
2023-02-27 01:00:15,929{GMT}	INFO	[jepsen worker 0] jepsen.util: 0	:invoke	:echo	"Please echo 65"
2023-02-27 01:00:15,932{GMT}	INFO	[jepsen worker 0] jepsen.util: 0	:ok	:echo	{:echo "Please echo 65", :in_reply_to 10, :msg_id 10, :type "echo_ok"}
2023-02-27 01:00:16,196{GMT}	INFO	[jepsen worker 0] jepsen.util: 0	:invoke	:echo	"Please echo 101"
2023-02-27 01:00:16,201{GMT}	INFO	[jepsen worker 0] jepsen.util: 0	:ok	:echo	{:echo "Please echo 101", :in_reply_to 11, :msg_id 11, :type "echo_ok"}
2023-02-27 01:00:16,372{GMT}	INFO	[jepsen worker 0] jepsen.util: 0	:invoke	:echo	"Please echo 60"
2023-02-27 01:00:16,376{GMT}	INFO	[jepsen worker 0] jepsen.util: 0	:ok	:echo	{:echo "Please echo 60", :in_reply_to 12, :msg_id 12, :type "echo_ok"}
2023-02-27 01:00:16,592{GMT}	INFO	[jepsen worker 0] jepsen.util: 0	:invoke	:echo	"Please echo 83"
2023-02-27 01:00:16,594{GMT}	INFO	[jepsen worker 0] jepsen.util: 0	:ok	:echo	{:echo "Please echo 83", :in_reply_to 13, :msg_id 13, :type "echo_ok"}
2023-02-27 01:00:16,903{GMT}	INFO	[jepsen worker 0] jepsen.util: 0	:invoke	:echo	"Please echo 59"
2023-02-27 01:00:16,908{GMT}	INFO	[jepsen worker 0] jepsen.util: 0	:ok	:echo	{:echo "Please echo 59", :in_reply_to 14, :msg_id 14, :type "echo_ok"}
2023-02-27 01:00:16,929{GMT}	INFO	[jepsen worker 0] jepsen.util: 0	:invoke	:echo	"Please echo 7"
2023-02-27 01:00:16,930{GMT}	INFO	[jepsen worker 0] jepsen.util: 0	:ok	:echo	{:echo "Please echo 7", :in_reply_to 15, :msg_id 15, :type "echo_ok"}
2023-02-27 01:00:17,296{GMT}	INFO	[jepsen worker 0] jepsen.util: 0	:invoke	:echo	"Please echo 76"
2023-02-27 01:00:17,303{GMT}	INFO	[jepsen worker 0] jepsen.util: 0	:ok	:echo	{:echo "Please echo 76", :in_reply_to 16, :msg_id 16, :type "echo_ok"}
2023-02-27 01:00:17,580{GMT}	INFO	[jepsen worker 0] jepsen.util: 0	:invoke	:echo	"Please echo 5"
2023-02-27 01:00:17,585{GMT}	INFO	[jepsen worker 0] jepsen.util: 0	:ok	:echo	{:echo "Please echo 5", :in_reply_to 17, :msg_id 17, :type "echo_ok"}
2023-02-27 01:00:17,956{GMT}	INFO	[jepsen worker 0] jepsen.util: 0	:invoke	:echo	"Please echo 34"
2023-02-27 01:00:17,962{GMT}	INFO	[jepsen worker 0] jepsen.util: 0	:ok	:echo	{:echo "Please echo 34", :in_reply_to 18, :msg_id 18, :type "echo_ok"}
2023-02-27 01:00:18,265{GMT}	INFO	[jepsen worker 0] jepsen.util: 0	:invoke	:echo	"Please echo 22"
2023-02-27 01:00:18,270{GMT}	INFO	[jepsen worker 0] jepsen.util: 0	:ok	:echo	{:echo "Please echo 22", :in_reply_to 19, :msg_id 19, :type "echo_ok"}
2023-02-27 01:00:18,444{GMT}	INFO	[jepsen worker 0] jepsen.util: 0	:invoke	:echo	"Please echo 113"
2023-02-27 01:00:18,447{GMT}	INFO	[jepsen worker 0] jepsen.util: 0	:ok	:echo	{:echo "Please echo 113", :in_reply_to 20, :msg_id 20, :type "echo_ok"}
2023-02-27 01:00:18,758{GMT}	INFO	[jepsen worker 0] jepsen.util: 0	:invoke	:echo	"Please echo 84"
2023-02-27 01:00:18,763{GMT}	INFO	[jepsen worker 0] jepsen.util: 0	:ok	:echo	{:echo "Please echo 84", :in_reply_to 21, :msg_id 21, :type "echo_ok"}
2023-02-27 01:00:18,897{GMT}	INFO	[jepsen worker 0] jepsen.util: 0	:invoke	:echo	"Please echo 112"
2023-02-27 01:00:18,900{GMT}	INFO	[jepsen worker 0] jepsen.util: 0	:ok	:echo	{:echo "Please echo 112", :in_reply_to 22, :msg_id 22, :type "echo_ok"}
2023-02-27 01:00:19,012{GMT}	INFO	[jepsen worker 0] jepsen.util: 0	:invoke	:echo	"Please echo 52"
2023-02-27 01:00:19,017{GMT}	INFO	[jepsen worker 0] jepsen.util: 0	:ok	:echo	{:echo "Please echo 52", :in_reply_to 23, :msg_id 23, :type "echo_ok"}
2023-02-27 01:00:19,343{GMT}	INFO	[jepsen worker 0] jepsen.util: 0	:invoke	:echo	"Please echo 56"
2023-02-27 01:00:19,346{GMT}	INFO	[jepsen worker 0] jepsen.util: 0	:ok	:echo	{:echo "Please echo 56", :in_reply_to 24, :msg_id 24, :type "echo_ok"}
2023-02-27 01:00:19,427{GMT}	INFO	[jepsen worker 0] jepsen.util: 0	:invoke	:echo	"Please echo 82"
2023-02-27 01:00:19,429{GMT}	INFO	[jepsen worker 0] jepsen.util: 0	:ok	:echo	{:echo "Please echo 82", :in_reply_to 25, :msg_id 25, :type "echo_ok"}
2023-02-27 01:00:19,490{GMT}	INFO	[jepsen worker 0] jepsen.util: 0	:invoke	:echo	"Please echo 96"
2023-02-27 01:00:19,492{GMT}	INFO	[jepsen worker 0] jepsen.util: 0	:ok	:echo	{:echo "Please echo 96", :in_reply_to 26, :msg_id 26, :type "echo_ok"}
2023-02-27 01:00:19,634{GMT}	INFO	[jepsen worker 0] jepsen.util: 0	:invoke	:echo	"Please echo 112"
2023-02-27 01:00:19,636{GMT}	INFO	[jepsen worker 0] jepsen.util: 0	:ok	:echo	{:echo "Please echo 112", :in_reply_to 27, :msg_id 27, :type "echo_ok"}
2023-02-27 01:00:19,931{GMT}	INFO	[jepsen worker 0] jepsen.util: 0	:invoke	:echo	"Please echo 2"
2023-02-27 01:00:19,934{GMT}	INFO	[jepsen worker 0] jepsen.util: 0	:ok	:echo	{:echo "Please echo 2", :in_reply_to 28, :msg_id 28, :type "echo_ok"}
2023-02-27 01:00:20,103{GMT}	INFO	[jepsen worker 0] jepsen.util: 0	:invoke	:echo	"Please echo 75"
2023-02-27 01:00:20,106{GMT}	INFO	[jepsen worker 0] jepsen.util: 0	:ok	:echo	{:echo "Please echo 75", :in_reply_to 29, :msg_id 29, :type "echo_ok"}
2023-02-27 01:00:20,238{GMT}	INFO	[jepsen worker 0] jepsen.util: 0	:invoke	:echo	"Please echo 21"
2023-02-27 01:00:20,241{GMT}	INFO	[jepsen worker 0] jepsen.util: 0	:ok	:echo	{:echo "Please echo 21", :in_reply_to 30, :msg_id 30, :type "echo_ok"}
2023-02-27 01:00:20,432{GMT}	INFO	[jepsen worker 0] jepsen.util: 0	:invoke	:echo	"Please echo 123"
2023-02-27 01:00:20,436{GMT}	INFO	[jepsen worker 0] jepsen.util: 0	:ok	:echo	{:echo "Please echo 123", :in_reply_to 31, :msg_id 31, :type "echo_ok"}
2023-02-27 01:00:20,568{GMT}	INFO	[jepsen worker 0] jepsen.util: 0	:invoke	:echo	"Please echo 104"
2023-02-27 01:00:20,571{GMT}	INFO	[jepsen worker 0] jepsen.util: 0	:ok	:echo	{:echo "Please echo 104", :in_reply_to 32, :msg_id 32, :type "echo_ok"}
2023-02-27 01:00:20,757{GMT}	INFO	[jepsen worker 0] jepsen.util: 0	:invoke	:echo	"Please echo 9"
2023-02-27 01:00:20,761{GMT}	INFO	[jepsen worker 0] jepsen.util: 0	:ok	:echo	{:echo "Please echo 9", :in_reply_to 33, :msg_id 33, :type "echo_ok"}
2023-02-27 01:00:21,000{GMT}	INFO	[jepsen worker 0] jepsen.util: 0	:invoke	:echo	"Please echo 6"
2023-02-27 01:00:21,004{GMT}	INFO	[jepsen worker 0] jepsen.util: 0	:ok	:echo	{:echo "Please echo 6", :in_reply_to 34, :msg_id 34, :type "echo_ok"}
2023-02-27 01:00:21,155{GMT}	INFO	[jepsen worker 0] jepsen.util: 0	:invoke	:echo	"Please echo 100"
2023-02-27 01:00:21,159{GMT}	INFO	[jepsen worker 0] jepsen.util: 0	:ok	:echo	{:echo "Please echo 100", :in_reply_to 35, :msg_id 35, :type "echo_ok"}
2023-02-27 01:00:21,325{GMT}	INFO	[jepsen worker 0] jepsen.util: 0	:invoke	:echo	"Please echo 7"
2023-02-27 01:00:21,329{GMT}	INFO	[jepsen worker 0] jepsen.util: 0	:ok	:echo	{:echo "Please echo 7", :in_reply_to 36, :msg_id 36, :type "echo_ok"}
2023-02-27 01:00:21,652{GMT}	INFO	[jepsen worker 0] jepsen.util: 0	:invoke	:echo	"Please echo 42"
2023-02-27 01:00:21,655{GMT}	INFO	[jepsen worker 0] jepsen.util: 0	:ok	:echo	{:echo "Please echo 42", :in_reply_to 37, :msg_id 37, :type "echo_ok"}
2023-02-27 01:00:21,797{GMT}	INFO	[jepsen worker 0] jepsen.util: 0	:invoke	:echo	"Please echo 30"
2023-02-27 01:00:21,801{GMT}	INFO	[jepsen worker 0] jepsen.util: 0	:ok	:echo	{:echo "Please echo 30", :in_reply_to 38, :msg_id 38, :type "echo_ok"}
2023-02-27 01:00:22,144{GMT}	INFO	[jepsen worker 0] jepsen.util: 0	:invoke	:echo	"Please echo 124"
2023-02-27 01:00:22,147{GMT}	INFO	[jepsen worker 0] jepsen.util: 0	:ok	:echo	{:echo "Please echo 124", :in_reply_to 39, :msg_id 39, :type "echo_ok"}
2023-02-27 01:00:22,304{GMT}	INFO	[jepsen worker 0] jepsen.util: 0	:invoke	:echo	"Please echo 86"
2023-02-27 01:00:22,307{GMT}	INFO	[jepsen worker 0] jepsen.util: 0	:ok	:echo	{:echo "Please echo 86", :in_reply_to 40, :msg_id 40, :type "echo_ok"}
2023-02-27 01:00:22,614{GMT}	INFO	[jepsen worker 0] jepsen.util: 0	:invoke	:echo	"Please echo 84"
2023-02-27 01:00:22,618{GMT}	INFO	[jepsen worker 0] jepsen.util: 0	:ok	:echo	{:echo "Please echo 84", :in_reply_to 41, :msg_id 41, :type "echo_ok"}
2023-02-27 01:00:22,912{GMT}	INFO	[jepsen worker 0] jepsen.util: 0	:invoke	:echo	"Please echo 30"
2023-02-27 01:00:22,916{GMT}	INFO	[jepsen worker 0] jepsen.util: 0	:ok	:echo	{:echo "Please echo 30", :in_reply_to 42, :msg_id 42, :type "echo_ok"}
2023-02-27 01:00:23,259{GMT}	INFO	[jepsen worker 0] jepsen.util: 0	:invoke	:echo	"Please echo 84"
2023-02-27 01:00:23,262{GMT}	INFO	[jepsen worker 0] jepsen.util: 0	:ok	:echo	{:echo "Please echo 84", :in_reply_to 43, :msg_id 43, :type "echo_ok"}
2023-02-27 01:00:23,370{GMT}	INFO	[jepsen worker 0] jepsen.util: 0	:invoke	:echo	"Please echo 10"
2023-02-27 01:00:23,372{GMT}	INFO	[jepsen worker 0] jepsen.util: 0	:ok	:echo	{:echo "Please echo 10", :in_reply_to 44, :msg_id 44, :type "echo_ok"}
2023-02-27 01:00:23,730{GMT}	INFO	[jepsen worker 0] jepsen.util: 0	:invoke	:echo	"Please echo 52"
2023-02-27 01:00:23,736{GMT}	INFO	[jepsen worker 0] jepsen.util: 0	:ok	:echo	{:echo "Please echo 52", :in_reply_to 45, :msg_id 45, :type "echo_ok"}
2023-02-27 01:00:23,756{GMT}	INFO	[jepsen test runner] jepsen.core: Run complete, writing
2023-02-27 01:00:23,796{GMT}	INFO	[jepsen node n0] maelstrom.db: Tearing down n0
2023-02-27 01:00:24,851{GMT}	INFO	[jepsen node n0] maelstrom.net: Shutting down Maelstrom network
2023-02-27 01:00:24,853{GMT}	INFO	[jepsen test runner] jepsen.core: Analyzing...
2023-02-27 01:00:24,981{GMT}	INFO	[jepsen test runner] jepsen.core: Analysis complete
2023-02-27 01:00:24,988{GMT}	INFO	[jepsen results] jepsen.store: Wrote /Users/dennisdang/Desktop/maelstrom-echo/maelstrom/store/echo/20230227T010012.969-0500/results.edn
2023-02-27 01:00:25,011{GMT}	INFO	[jepsen test runner] jepsen.core: {:perf {:latency-graph {:valid? true},
        :rate-graph {:valid? true},
        :valid? true},
 :timeline {:valid? true},
 :exceptions {:valid? true},
 :stats {:valid? true,
         :count 45,
         :ok-count 45,
         :fail-count 0,
         :info-count 0,
         :by-f {:echo {:valid? true,
                       :count 45,
                       :ok-count 45,
                       :fail-count 0,
                       :info-count 0}}},
 :availability {:valid? true, :ok-fraction 1.0},
 :net {:all {:send-count 92,
             :recv-count 92,
             :msg-count 92,
             :msgs-per-op 2.0444446},
       :clients {:send-count 92, :recv-count 92, :msg-count 92},
       :servers {:send-count 0,
                 :recv-count 0,
                 :msg-count 0,
                 :msgs-per-op 0.0},
       :valid? true},
 :workload {:valid? true, :errors ()},
 :valid? true}


Everything looks good! ヽ(‘ー`)ノ
