2023/02/27 00:58:21 Received {c0 n0 {"type":"init","node_id":"n0","node_ids":["n0"],"msg_id":1}}
2023/02/27 00:58:21 Node n0 initialized
2023/02/27 00:58:21 Sent {"src":"n0","dest":"c0","body":{"in_reply_to":1,"type":"init_ok"}}
2023/02/27 00:58:21 Received {c2 n0 {"echo":"Please echo 43","type":"echo","msg_id":1}}
2023/02/27 00:58:21 Sent {"src":"n0","dest":"c2","body":{"echo":"Please echo 43","in_reply_to":1,"msg_id":1,"type":"echo_ok"}}
2023/02/27 00:58:21 Received {c2 n0 {"echo":"Please echo 73","type":"echo","msg_id":2}}
2023/02/27 00:58:21 Sent {"src":"n0","dest":"c2","body":{"echo":"Please echo 73","in_reply_to":2,"msg_id":2,"type":"echo_ok"}}
2023/02/27 00:58:22 Received {c2 n0 {"echo":"Please echo 101","type":"echo","msg_id":3}}
2023/02/27 00:58:22 Sent {"src":"n0","dest":"c2","body":{"echo":"Please echo 101","in_reply_to":3,"msg_id":3,"type":"echo_ok"}}
2023/02/27 00:58:22 Received {c2 n0 {"echo":"Please echo 82","type":"echo","msg_id":4}}
2023/02/27 00:58:22 Sent {"src":"n0","dest":"c2","body":{"echo":"Please echo 82","in_reply_to":4,"msg_id":4,"type":"echo_ok"}}
2023/02/27 00:58:22 Received {c2 n0 {"echo":"Please echo 7","type":"echo","msg_id":5}}
2023/02/27 00:58:22 Sent {"src":"n0","dest":"c2","body":{"echo":"Please echo 7","in_reply_to":5,"msg_id":5,"type":"echo_ok"}}
2023/02/27 00:58:23 Received {c2 n0 {"echo":"Please echo 75","type":"echo","msg_id":6}}
2023/02/27 00:58:23 Sent {"src":"n0","dest":"c2","body":{"echo":"Please echo 75","in_reply_to":6,"msg_id":6,"type":"echo_ok"}}
2023/02/27 00:58:23 Received {c2 n0 {"echo":"Please echo 50","type":"echo","msg_id":7}}
2023/02/27 00:58:23 Sent {"src":"n0","dest":"c2","body":{"echo":"Please echo 50","in_reply_to":7,"msg_id":7,"type":"echo_ok"}}
2023/02/27 00:58:23 Received {c2 n0 {"echo":"Please echo 127","type":"echo","msg_id":8}}
2023/02/27 00:58:23 Sent {"src":"n0","dest":"c2","body":{"echo":"Please echo 127","in_reply_to":8,"msg_id":8,"type":"echo_ok"}}
2023/02/27 00:58:23 Received {c2 n0 {"echo":"Please echo 26","type":"echo","msg_id":9}}
2023/02/27 00:58:23 Sent {"src":"n0","dest":"c2","body":{"echo":"Please echo 26","in_reply_to":9,"msg_id":9,"type":"echo_ok"}}
2023/02/27 00:58:24 Received {c2 n0 {"echo":"Please echo 51","type":"echo","msg_id":10}}
2023/02/27 00:58:24 Sent {"src":"n0","dest":"c2","body":{"echo":"Please echo 51","in_reply_to":10,"msg_id":10,"type":"echo_ok"}}
2023/02/27 00:58:24 Received {c2 n0 {"echo":"Please echo 43","type":"echo","msg_id":11}}
2023/02/27 00:58:24 Sent {"src":"n0","dest":"c2","body":{"echo":"Please echo 43","in_reply_to":11,"msg_id":11,"type":"echo_ok"}}
2023/02/27 00:58:24 Received {c2 n0 {"echo":"Please echo 21","type":"echo","msg_id":12}}
2023/02/27 00:58:24 Sent {"src":"n0","dest":"c2","body":{"echo":"Please echo 21","in_reply_to":12,"msg_id":12,"type":"echo_ok"}}
2023/02/27 00:58:24 Received {c2 n0 {"echo":"Please echo 114","type":"echo","msg_id":13}}
2023/02/27 00:58:24 Sent {"src":"n0","dest":"c2","body":{"echo":"Please echo 114","in_reply_to":13,"msg_id":13,"type":"echo_ok"}}
2023/02/27 00:58:25 Received {c2 n0 {"echo":"Please echo 118","type":"echo","msg_id":14}}
2023/02/27 00:58:25 Sent {"src":"n0","dest":"c2","body":{"echo":"Please echo 118","in_reply_to":14,"msg_id":14,"type":"echo_ok"}}
2023/02/27 00:58:25 Received {c2 n0 {"echo":"Please echo 9","type":"echo","msg_id":15}}
2023/02/27 00:58:25 Sent {"src":"n0","dest":"c2","body":{"echo":"Please echo 9","in_reply_to":15,"msg_id":15,"type":"echo_ok"}}
2023/02/27 00:58:25 Received {c2 n0 {"echo":"Please echo 90","type":"echo","msg_id":16}}
2023/02/27 00:58:25 Sent {"src":"n0","dest":"c2","body":{"echo":"Please echo 90","in_reply_to":16,"msg_id":16,"type":"echo_ok"}}
2023/02/27 00:58:25 Received {c2 n0 {"echo":"Please echo 116","type":"echo","msg_id":17}}
2023/02/27 00:58:25 Sent {"src":"n0","dest":"c2","body":{"echo":"Please echo 116","in_reply_to":17,"msg_id":17,"type":"echo_ok"}}
2023/02/27 00:58:25 Received {c2 n0 {"echo":"Please echo 37","type":"echo","msg_id":18}}
2023/02/27 00:58:25 Sent {"src":"n0","dest":"c2","body":{"echo":"Please echo 37","in_reply_to":18,"msg_id":18,"type":"echo_ok"}}
2023/02/27 00:58:25 Received {c2 n0 {"echo":"Please echo 6","type":"echo","msg_id":19}}
2023/02/27 00:58:25 Sent {"src":"n0","dest":"c2","body":{"echo":"Please echo 6","in_reply_to":19,"msg_id":19,"type":"echo_ok"}}
2023/02/27 00:58:26 Received {c2 n0 {"echo":"Please echo 23","type":"echo","msg_id":20}}
2023/02/27 00:58:26 Sent {"src":"n0","dest":"c2","body":{"echo":"Please echo 23","in_reply_to":20,"msg_id":20,"type":"echo_ok"}}
2023/02/27 00:58:26 Received {c2 n0 {"echo":"Please echo 3","type":"echo","msg_id":21}}
2023/02/27 00:58:26 Sent {"src":"n0","dest":"c2","body":{"echo":"Please echo 3","in_reply_to":21,"msg_id":21,"type":"echo_ok"}}
2023/02/27 00:58:26 Received {c2 n0 {"echo":"Please echo 121","type":"echo","msg_id":22}}
2023/02/27 00:58:26 Sent {"src":"n0","dest":"c2","body":{"echo":"Please echo 121","in_reply_to":22,"msg_id":22,"type":"echo_ok"}}
2023/02/27 00:58:27 Received {c2 n0 {"echo":"Please echo 54","type":"echo","msg_id":23}}
2023/02/27 00:58:27 Sent {"src":"n0","dest":"c2","body":{"echo":"Please echo 54","in_reply_to":23,"msg_id":23,"type":"echo_ok"}}
2023/02/27 00:58:27 Received {c2 n0 {"echo":"Please echo 32","type":"echo","msg_id":24}}
2023/02/27 00:58:27 Sent {"src":"n0","dest":"c2","body":{"echo":"Please echo 32","in_reply_to":24,"msg_id":24,"type":"echo_ok"}}
2023/02/27 00:58:27 Received {c2 n0 {"echo":"Please echo 42","type":"echo","msg_id":25}}
2023/02/27 00:58:27 Sent {"src":"n0","dest":"c2","body":{"echo":"Please echo 42","in_reply_to":25,"msg_id":25,"type":"echo_ok"}}
2023/02/27 00:58:27 Received {c2 n0 {"echo":"Please echo 71","type":"echo","msg_id":26}}
2023/02/27 00:58:27 Sent {"src":"n0","dest":"c2","body":{"echo":"Please echo 71","in_reply_to":26,"msg_id":26,"type":"echo_ok"}}
2023/02/27 00:58:27 Received {c2 n0 {"echo":"Please echo 1","type":"echo","msg_id":27}}
2023/02/27 00:58:27 Sent {"src":"n0","dest":"c2","body":{"echo":"Please echo 1","in_reply_to":27,"msg_id":27,"type":"echo_ok"}}
2023/02/27 00:58:27 Received {c2 n0 {"echo":"Please echo 36","type":"echo","msg_id":28}}
2023/02/27 00:58:27 Sent {"src":"n0","dest":"c2","body":{"echo":"Please echo 36","in_reply_to":28,"msg_id":28,"type":"echo_ok"}}
2023/02/27 00:58:27 Received {c2 n0 {"echo":"Please echo 57","type":"echo","msg_id":29}}
2023/02/27 00:58:27 Sent {"src":"n0","dest":"c2","body":{"echo":"Please echo 57","in_reply_to":29,"msg_id":29,"type":"echo_ok"}}
2023/02/27 00:58:27 Received {c2 n0 {"echo":"Please echo 19","type":"echo","msg_id":30}}
2023/02/27 00:58:27 Sent {"src":"n0","dest":"c2","body":{"echo":"Please echo 19","in_reply_to":30,"msg_id":30,"type":"echo_ok"}}
2023/02/27 00:58:27 Received {c2 n0 {"echo":"Please echo 96","type":"echo","msg_id":31}}
2023/02/27 00:58:27 Sent {"src":"n0","dest":"c2","body":{"echo":"Please echo 96","in_reply_to":31,"msg_id":31,"type":"echo_ok"}}
2023/02/27 00:58:28 Received {c2 n0 {"echo":"Please echo 125","type":"echo","msg_id":32}}
2023/02/27 00:58:28 Sent {"src":"n0","dest":"c2","body":{"echo":"Please echo 125","in_reply_to":32,"msg_id":32,"type":"echo_ok"}}
2023/02/27 00:58:28 Received {c2 n0 {"echo":"Please echo 88","type":"echo","msg_id":33}}
2023/02/27 00:58:28 Sent {"src":"n0","dest":"c2","body":{"echo":"Please echo 88","in_reply_to":33,"msg_id":33,"type":"echo_ok"}}
2023/02/27 00:58:28 Received {c2 n0 {"echo":"Please echo 22","type":"echo","msg_id":34}}
2023/02/27 00:58:28 Sent {"src":"n0","dest":"c2","body":{"echo":"Please echo 22","in_reply_to":34,"msg_id":34,"type":"echo_ok"}}
2023/02/27 00:58:28 Received {c2 n0 {"echo":"Please echo 86","type":"echo","msg_id":35}}
2023/02/27 00:58:28 Sent {"src":"n0","dest":"c2","body":{"echo":"Please echo 86","in_reply_to":35,"msg_id":35,"type":"echo_ok"}}
2023/02/27 00:58:29 Received {c2 n0 {"echo":"Please echo 102","type":"echo","msg_id":36}}
2023/02/27 00:58:29 Sent {"src":"n0","dest":"c2","body":{"echo":"Please echo 102","in_reply_to":36,"msg_id":36,"type":"echo_ok"}}
2023/02/27 00:58:29 Received {c2 n0 {"echo":"Please echo 42","type":"echo","msg_id":37}}
2023/02/27 00:58:29 Sent {"src":"n0","dest":"c2","body":{"echo":"Please echo 42","in_reply_to":37,"msg_id":37,"type":"echo_ok"}}
2023/02/27 00:58:29 Received {c2 n0 {"echo":"Please echo 68","type":"echo","msg_id":38}}
2023/02/27 00:58:29 Sent {"src":"n0","dest":"c2","body":{"echo":"Please echo 68","in_reply_to":38,"msg_id":38,"type":"echo_ok"}}
2023/02/27 00:58:29 Received {c2 n0 {"echo":"Please echo 78","type":"echo","msg_id":39}}
2023/02/27 00:58:29 Sent {"src":"n0","dest":"c2","body":{"echo":"Please echo 78","in_reply_to":39,"msg_id":39,"type":"echo_ok"}}
2023/02/27 00:58:30 Received {c2 n0 {"echo":"Please echo 101","type":"echo","msg_id":40}}
2023/02/27 00:58:30 Sent {"src":"n0","dest":"c2","body":{"echo":"Please echo 101","in_reply_to":40,"msg_id":40,"type":"echo_ok"}}
2023/02/27 00:58:30 Received {c2 n0 {"echo":"Please echo 74","type":"echo","msg_id":41}}
2023/02/27 00:58:30 Sent {"src":"n0","dest":"c2","body":{"echo":"Please echo 74","in_reply_to":41,"msg_id":41,"type":"echo_ok"}}
2023/02/27 00:58:30 Received {c2 n0 {"echo":"Please echo 126","type":"echo","msg_id":42}}
2023/02/27 00:58:30 Sent {"src":"n0","dest":"c2","body":{"echo":"Please echo 126","in_reply_to":42,"msg_id":42,"type":"echo_ok"}}
2023/02/27 00:58:30 Received {c2 n0 {"echo":"Please echo 54","type":"echo","msg_id":43}}
2023/02/27 00:58:30 Sent {"src":"n0","dest":"c2","body":{"echo":"Please echo 54","in_reply_to":43,"msg_id":43,"type":"echo_ok"}}
2023/02/27 00:58:30 Received {c2 n0 {"echo":"Please echo 61","type":"echo","msg_id":44}}
2023/02/27 00:58:30 Sent {"src":"n0","dest":"c2","body":{"echo":"Please echo 61","in_reply_to":44,"msg_id":44,"type":"echo_ok"}}
2023/02/27 00:58:30 Received {c2 n0 {"echo":"Please echo 81","type":"echo","msg_id":45}}
2023/02/27 00:58:30 Sent {"src":"n0","dest":"c2","body":{"echo":"Please echo 81","in_reply_to":45,"msg_id":45,"type":"echo_ok"}}
2023/02/27 00:58:31 Received {c2 n0 {"echo":"Please echo 5","type":"echo","msg_id":46}}
2023/02/27 00:58:31 Sent {"src":"n0","dest":"c2","body":{"echo":"Please echo 5","in_reply_to":46,"msg_id":46,"type":"echo_ok"}}
2023/02/27 00:58:31 Received {c2 n0 {"echo":"Please echo 67","type":"echo","msg_id":47}}
2023/02/27 00:58:31 Sent {"src":"n0","dest":"c2","body":{"echo":"Please echo 67","in_reply_to":47,"msg_id":47,"type":"echo_ok"}}
2023/02/27 00:58:31 Received {c2 n0 {"echo":"Please echo 35","type":"echo","msg_id":48}}
2023/02/27 00:58:31 Sent {"src":"n0","dest":"c2","body":{"echo":"Please echo 35","in_reply_to":48,"msg_id":48,"type":"echo_ok"}}
2023/02/27 00:58:31 Received {c2 n0 {"echo":"Please echo 21","type":"echo","msg_id":49}}
2023/02/27 00:58:31 Sent {"src":"n0","dest":"c2","body":{"echo":"Please echo 21","in_reply_to":49,"msg_id":49,"type":"echo_ok"}}
