2023-02-27 01:03:05,679{GMT}	INFO	[jepsen test runner] jepsen.core: Command line:
lein run test -w echo --bin /Users/dennisdang/go/bin/maelstrom-echo --node-count 1 --time-limit 10
2023-02-27 01:03:05,709{GMT}	INFO	[jepsen test runner] jepsen.core: Running test:
{:args []
 :remote
 #jepsen.control.retry.Remote{:remote #jepsen.control.scp.Remote{:cmd-remote #jepsen.control.sshj.SSHJRemote{:concurrency-limit 6,
                                                                                                             :conn-spec nil,
                                                                                                             :client nil,
                                                                                                             :semaphore nil},
                                                                 :conn-spec nil},
                              :conn nil}
 :log-net-send false
 :node-count 1
 :availability nil
 :max-txn-length 4
 :concurrency 1
 :db
 #object[maelstrom.db$db$reify__16142
         "0x40941b54"
         "maelstrom.db$db$reify__16142@40941b54"]
 :max-writes-per-key 16
 :leave-db-running? false
 :name "echo"
 :logging-json? false
 :start-time
 #object[org.joda.time.DateTime "0x49e3b86b" "2023-02-27T01:03:05.666-05:00"]
 :nemesis-interval 10
 :net
 #object[maelstrom.net$jepsen_net$reify__15251
         "0x64b262a7"
         "maelstrom.net$jepsen_net$reify__15251@64b262a7"]
 :client
 #object[maelstrom.workload.echo$client$reify__16863
         "0x771c4015"
         "maelstrom.workload.echo$client$reify__16863@771c4015"]
 :barrier
 #object[java.util.concurrent.CyclicBarrier
         "0x34d776eb"
         "java.util.concurrent.CyclicBarrier@34d776eb"]
 :log-stderr false
 :pure-generators true
 :ssh {:dummy? true}
 :rate 5
 :checker
 #object[jepsen.checker$compose$reify__11881
         "0x60a3a0fa"
         "jepsen.checker$compose$reify__11881@60a3a0fa"]
 :argv
 ("test"
  "-w"
  "echo"
  "--bin"
  "/Users/dennisdang/go/bin/maelstrom-echo"
  "--node-count"
  "1"
  "--time-limit"
  "10")
 :nemesis
 (jepsen.nemesis.ReflCompose
  {:fm {:start-partition 0,
        :stop-partition 0,
        :kill 1,
        :start 1,
        :pause 1,
        :resume 1},
   :nemeses [#unprintable "jepsen.nemesis.combined$partition_nemesis$reify__16416@17734113"
             #unprintable "jepsen.nemesis.combined$db_nemesis$reify__16397@27aa700"]})
 :nodes ["n0"]
 :test-count 1
 :latency {:mean 0, :dist :constant}
 :bin "/Users/dennisdang/go/bin/maelstrom-echo"
 :generator
 (jepsen.generator.TimeLimit
  {:limit 10000000000,
   :cutoff nil,
   :gen (jepsen.generator.Any
         {:gens [(jepsen.generator.OnThreads
                  {:f #{:nemesis},
                   :context-filter #object[jepsen.generator.context$make_thread_filter$lazy_filter__9167
                                           "0x61fb3dae"
                                           "jepsen.generator.context$make_thread_filter$lazy_filter__9167@61fb3dae"],
                   :gen nil})
                 (jepsen.generator.OnThreads
                  {:f #jepsen.generator.context.AllBut{:element :nemesis},
                   :context-filter #object[jepsen.generator.context$make_thread_filter$lazy_filter__9167
                                           "0x9c88323"
                                           "jepsen.generator.context$make_thread_filter$lazy_filter__9167@9c88323"],
                   :gen (jepsen.generator.Stagger
                         {:dt 400000000,
                          :next-time nil,
                          :gen (jepsen.generator.EachThread
                                {:fresh-gen #object[maelstrom.workload.echo$workload$fn__16882
                                                    "0x6d4bdb75"
                                                    "maelstrom.workload.echo$workload$fn__16882@6d4bdb75"],
                                 :context-filters #object[clojure.core$promise$reify__8591
                                                          "0x1dc47df3"
                                                          {:status :pending,
                                                           :val nil}],
                                 :gens {}})})})]})})
 :log-net-recv false
 :os
 #object[maelstrom.net$jepsen_os$reify__15254
         "0x256a25a8"
         "maelstrom.net$jepsen_os$reify__15254@256a25a8"]
 :time-limit 10
 :workload :echo
 :consistency-models [:strict-serializable]
 :topology :grid}

2023-02-27 01:03:06,496{GMT}	INFO	[jepsen node n0] maelstrom.net: Starting Maelstrom network
2023-02-27 01:03:06,497{GMT}	INFO	[jepsen test runner] jepsen.db: Tearing down DB
2023-02-27 01:03:06,498{GMT}	INFO	[jepsen test runner] jepsen.db: Setting up DB
2023-02-27 01:03:06,499{GMT}	INFO	[jepsen node n0] maelstrom.service: Starting services: (lin-kv lin-tso lww-kv seq-kv)
2023-02-27 01:03:06,500{GMT}	INFO	[jepsen node n0] maelstrom.db: Setting up n0
2023-02-27 01:03:06,500{GMT}	INFO	[jepsen node n0] maelstrom.process: launching /Users/dennisdang/go/bin/maelstrom-echo []
2023-02-27 01:03:06,652{GMT}	INFO	[jepsen test runner] jepsen.core: Relative time begins now
2023-02-27 01:03:06,663{GMT}	INFO	[jepsen worker 0] jepsen.util: 0	:invoke	:echo	"Please echo 17"
2023-02-27 01:03:06,667{GMT}	INFO	[jepsen worker 0] jepsen.util: 0	:ok	:echo	{:echo "Please echo 17", :in_reply_to 1, :msg_id 1, :type "echo_ok"}
2023-02-27 01:03:06,940{GMT}	INFO	[jepsen worker 0] jepsen.util: 0	:invoke	:echo	"Please echo 113"
2023-02-27 01:03:06,943{GMT}	INFO	[jepsen worker 0] jepsen.util: 0	:ok	:echo	{:echo "Please echo 113", :in_reply_to 2, :msg_id 2, :type "echo_ok"}
2023-02-27 01:03:07,228{GMT}	INFO	[jepsen worker 0] jepsen.util: 0	:invoke	:echo	"Please echo 38"
2023-02-27 01:03:07,232{GMT}	INFO	[jepsen worker 0] jepsen.util: 0	:ok	:echo	{:echo "Please echo 38", :in_reply_to 3, :msg_id 3, :type "echo_ok"}
2023-02-27 01:03:07,305{GMT}	INFO	[jepsen worker 0] jepsen.util: 0	:invoke	:echo	"Please echo 25"
2023-02-27 01:03:07,307{GMT}	INFO	[jepsen worker 0] jepsen.util: 0	:ok	:echo	{:echo "Please echo 25", :in_reply_to 4, :msg_id 4, :type "echo_ok"}
2023-02-27 01:03:07,656{GMT}	INFO	[jepsen worker 0] jepsen.util: 0	:invoke	:echo	"Please echo 17"
2023-02-27 01:03:07,660{GMT}	INFO	[jepsen worker 0] jepsen.util: 0	:ok	:echo	{:echo "Please echo 17", :in_reply_to 5, :msg_id 5, :type "echo_ok"}
2023-02-27 01:03:07,786{GMT}	INFO	[jepsen worker 0] jepsen.util: 0	:invoke	:echo	"Please echo 14"
2023-02-27 01:03:07,789{GMT}	INFO	[jepsen worker 0] jepsen.util: 0	:ok	:echo	{:echo "Please echo 14", :in_reply_to 6, :msg_id 6, :type "echo_ok"}
2023-02-27 01:03:07,930{GMT}	INFO	[jepsen worker 0] jepsen.util: 0	:invoke	:echo	"Please echo 103"
2023-02-27 01:03:07,934{GMT}	INFO	[jepsen worker 0] jepsen.util: 0	:ok	:echo	{:echo "Please echo 103", :in_reply_to 7, :msg_id 7, :type "echo_ok"}
2023-02-27 01:03:08,160{GMT}	INFO	[jepsen worker 0] jepsen.util: 0	:invoke	:echo	"Please echo 80"
2023-02-27 01:03:08,164{GMT}	INFO	[jepsen worker 0] jepsen.util: 0	:ok	:echo	{:echo "Please echo 80", :in_reply_to 8, :msg_id 8, :type "echo_ok"}
2023-02-27 01:03:08,164{GMT}	INFO	[jepsen worker 0] jepsen.util: 0	:invoke	:echo	"Please echo 23"
2023-02-27 01:03:08,166{GMT}	INFO	[jepsen worker 0] jepsen.util: 0	:ok	:echo	{:echo "Please echo 23", :in_reply_to 9, :msg_id 9, :type "echo_ok"}
2023-02-27 01:03:08,237{GMT}	INFO	[jepsen worker 0] jepsen.util: 0	:invoke	:echo	"Please echo 45"
2023-02-27 01:03:08,239{GMT}	INFO	[jepsen worker 0] jepsen.util: 0	:ok	:echo	{:echo "Please echo 45", :in_reply_to 10, :msg_id 10, :type "echo_ok"}
2023-02-27 01:03:08,564{GMT}	INFO	[jepsen worker 0] jepsen.util: 0	:invoke	:echo	"Please echo 75"
2023-02-27 01:03:08,568{GMT}	INFO	[jepsen worker 0] jepsen.util: 0	:ok	:echo	{:echo "Please echo 75", :in_reply_to 11, :msg_id 11, :type "echo_ok"}
2023-02-27 01:03:08,766{GMT}	INFO	[jepsen worker 0] jepsen.util: 0	:invoke	:echo	"Please echo 11"
2023-02-27 01:03:08,770{GMT}	INFO	[jepsen worker 0] jepsen.util: 0	:ok	:echo	{:echo "Please echo 11", :in_reply_to 12, :msg_id 12, :type "echo_ok"}
2023-02-27 01:03:08,866{GMT}	INFO	[jepsen worker 0] jepsen.util: 0	:invoke	:echo	"Please echo 67"
2023-02-27 01:03:08,869{GMT}	INFO	[jepsen worker 0] jepsen.util: 0	:ok	:echo	{:echo "Please echo 67", :in_reply_to 13, :msg_id 13, :type "echo_ok"}
2023-02-27 01:03:08,978{GMT}	INFO	[jepsen worker 0] jepsen.util: 0	:invoke	:echo	"Please echo 105"
2023-02-27 01:03:08,982{GMT}	INFO	[jepsen worker 0] jepsen.util: 0	:ok	:echo	{:echo "Please echo 105", :in_reply_to 14, :msg_id 14, :type "echo_ok"}
2023-02-27 01:03:09,178{GMT}	INFO	[jepsen worker 0] jepsen.util: 0	:invoke	:echo	"Please echo 70"
2023-02-27 01:03:09,182{GMT}	INFO	[jepsen worker 0] jepsen.util: 0	:ok	:echo	{:echo "Please echo 70", :in_reply_to 15, :msg_id 15, :type "echo_ok"}
2023-02-27 01:03:09,562{GMT}	INFO	[jepsen worker 0] jepsen.util: 0	:invoke	:echo	"Please echo 27"
2023-02-27 01:03:09,567{GMT}	INFO	[jepsen worker 0] jepsen.util: 0	:ok	:echo	{:echo "Please echo 27", :in_reply_to 16, :msg_id 16, :type "echo_ok"}
2023-02-27 01:03:09,870{GMT}	INFO	[jepsen worker 0] jepsen.util: 0	:invoke	:echo	"Please echo 56"
2023-02-27 01:03:09,874{GMT}	INFO	[jepsen worker 0] jepsen.util: 0	:ok	:echo	{:echo "Please echo 56", :in_reply_to 17, :msg_id 17, :type "echo_ok"}
2023-02-27 01:03:10,177{GMT}	INFO	[jepsen worker 0] jepsen.util: 0	:invoke	:echo	"Please echo 10"
2023-02-27 01:03:10,179{GMT}	INFO	[jepsen worker 0] jepsen.util: 0	:ok	:echo	{:echo "Please echo 10", :in_reply_to 18, :msg_id 18, :type "echo_ok"}
2023-02-27 01:03:10,393{GMT}	INFO	[jepsen worker 0] jepsen.util: 0	:invoke	:echo	"Please echo 7"
2023-02-27 01:03:10,397{GMT}	INFO	[jepsen worker 0] jepsen.util: 0	:ok	:echo	{:echo "Please echo 7", :in_reply_to 19, :msg_id 19, :type "echo_ok"}
2023-02-27 01:03:10,428{GMT}	INFO	[jepsen worker 0] jepsen.util: 0	:invoke	:echo	"Please echo 117"
2023-02-27 01:03:10,429{GMT}	INFO	[jepsen worker 0] jepsen.util: 0	:ok	:echo	{:echo "Please echo 117", :in_reply_to 20, :msg_id 20, :type "echo_ok"}
2023-02-27 01:03:10,612{GMT}	INFO	[jepsen worker 0] jepsen.util: 0	:invoke	:echo	"Please echo 58"
2023-02-27 01:03:10,615{GMT}	INFO	[jepsen worker 0] jepsen.util: 0	:ok	:echo	{:echo "Please echo 58", :in_reply_to 21, :msg_id 21, :type "echo_ok"}
2023-02-27 01:03:10,676{GMT}	INFO	[jepsen worker 0] jepsen.util: 0	:invoke	:echo	"Please echo 96"
2023-02-27 01:03:10,678{GMT}	INFO	[jepsen worker 0] jepsen.util: 0	:ok	:echo	{:echo "Please echo 96", :in_reply_to 22, :msg_id 22, :type "echo_ok"}
2023-02-27 01:03:11,078{GMT}	INFO	[jepsen worker 0] jepsen.util: 0	:invoke	:echo	"Please echo 88"
2023-02-27 01:03:11,083{GMT}	INFO	[jepsen worker 0] jepsen.util: 0	:ok	:echo	{:echo "Please echo 88", :in_reply_to 23, :msg_id 23, :type "echo_ok"}
2023-02-27 01:03:11,397{GMT}	INFO	[jepsen worker 0] jepsen.util: 0	:invoke	:echo	"Please echo 111"
2023-02-27 01:03:11,400{GMT}	INFO	[jepsen worker 0] jepsen.util: 0	:ok	:echo	{:echo "Please echo 111", :in_reply_to 24, :msg_id 24, :type "echo_ok"}
2023-02-27 01:03:11,629{GMT}	INFO	[jepsen worker 0] jepsen.util: 0	:invoke	:echo	"Please echo 100"
2023-02-27 01:03:11,632{GMT}	INFO	[jepsen worker 0] jepsen.util: 0	:ok	:echo	{:echo "Please echo 100", :in_reply_to 25, :msg_id 25, :type "echo_ok"}
2023-02-27 01:03:11,748{GMT}	INFO	[jepsen worker 0] jepsen.util: 0	:invoke	:echo	"Please echo 119"
2023-02-27 01:03:11,750{GMT}	INFO	[jepsen worker 0] jepsen.util: 0	:ok	:echo	{:echo "Please echo 119", :in_reply_to 26, :msg_id 26, :type "echo_ok"}
2023-02-27 01:03:11,825{GMT}	INFO	[jepsen worker 0] jepsen.util: 0	:invoke	:echo	"Please echo 21"
2023-02-27 01:03:11,827{GMT}	INFO	[jepsen worker 0] jepsen.util: 0	:ok	:echo	{:echo "Please echo 21", :in_reply_to 27, :msg_id 27, :type "echo_ok"}
2023-02-27 01:03:11,859{GMT}	INFO	[jepsen worker 0] jepsen.util: 0	:invoke	:echo	"Please echo 46"
2023-02-27 01:03:11,860{GMT}	INFO	[jepsen worker 0] jepsen.util: 0	:ok	:echo	{:echo "Please echo 46", :in_reply_to 28, :msg_id 28, :type "echo_ok"}
2023-02-27 01:03:12,077{GMT}	INFO	[jepsen worker 0] jepsen.util: 0	:invoke	:echo	"Please echo 38"
2023-02-27 01:03:12,082{GMT}	INFO	[jepsen worker 0] jepsen.util: 0	:ok	:echo	{:echo "Please echo 38", :in_reply_to 29, :msg_id 29, :type "echo_ok"}
2023-02-27 01:03:12,189{GMT}	INFO	[jepsen worker 0] jepsen.util: 0	:invoke	:echo	"Please echo 26"
2023-02-27 01:03:12,193{GMT}	INFO	[jepsen worker 0] jepsen.util: 0	:ok	:echo	{:echo "Please echo 26", :in_reply_to 30, :msg_id 30, :type "echo_ok"}
2023-02-27 01:03:12,437{GMT}	INFO	[jepsen worker 0] jepsen.util: 0	:invoke	:echo	"Please echo 81"
2023-02-27 01:03:12,439{GMT}	INFO	[jepsen worker 0] jepsen.util: 0	:ok	:echo	{:echo "Please echo 81", :in_reply_to 31, :msg_id 31, :type "echo_ok"}
2023-02-27 01:03:12,540{GMT}	INFO	[jepsen worker 0] jepsen.util: 0	:invoke	:echo	"Please echo 80"
2023-02-27 01:03:12,542{GMT}	INFO	[jepsen worker 0] jepsen.util: 0	:ok	:echo	{:echo "Please echo 80", :in_reply_to 32, :msg_id 32, :type "echo_ok"}
2023-02-27 01:03:12,897{GMT}	INFO	[jepsen worker 0] jepsen.util: 0	:invoke	:echo	"Please echo 93"
2023-02-27 01:03:12,900{GMT}	INFO	[jepsen worker 0] jepsen.util: 0	:ok	:echo	{:echo "Please echo 93", :in_reply_to 33, :msg_id 33, :type "echo_ok"}
2023-02-27 01:03:13,024{GMT}	INFO	[jepsen worker 0] jepsen.util: 0	:invoke	:echo	"Please echo 125"
2023-02-27 01:03:13,030{GMT}	INFO	[jepsen worker 0] jepsen.util: 0	:ok	:echo	{:echo "Please echo 125", :in_reply_to 34, :msg_id 34, :type "echo_ok"}
2023-02-27 01:03:13,330{GMT}	INFO	[jepsen worker 0] jepsen.util: 0	:invoke	:echo	"Please echo 53"
2023-02-27 01:03:13,334{GMT}	INFO	[jepsen worker 0] jepsen.util: 0	:ok	:echo	{:echo "Please echo 53", :in_reply_to 35, :msg_id 35, :type "echo_ok"}
2023-02-27 01:03:13,379{GMT}	INFO	[jepsen worker 0] jepsen.util: 0	:invoke	:echo	"Please echo 76"
2023-02-27 01:03:13,381{GMT}	INFO	[jepsen worker 0] jepsen.util: 0	:ok	:echo	{:echo "Please echo 76", :in_reply_to 36, :msg_id 36, :type "echo_ok"}
2023-02-27 01:03:13,589{GMT}	INFO	[jepsen worker 0] jepsen.util: 0	:invoke	:echo	"Please echo 109"
2023-02-27 01:03:13,592{GMT}	INFO	[jepsen worker 0] jepsen.util: 0	:ok	:echo	{:echo "Please echo 109", :in_reply_to 37, :msg_id 37, :type "echo_ok"}
2023-02-27 01:03:13,800{GMT}	INFO	[jepsen worker 0] jepsen.util: 0	:invoke	:echo	"Please echo 109"
2023-02-27 01:03:13,803{GMT}	INFO	[jepsen worker 0] jepsen.util: 0	:ok	:echo	{:echo "Please echo 109", :in_reply_to 38, :msg_id 38, :type "echo_ok"}
2023-02-27 01:03:13,883{GMT}	INFO	[jepsen worker 0] jepsen.util: 0	:invoke	:echo	"Please echo 105"
2023-02-27 01:03:13,885{GMT}	INFO	[jepsen worker 0] jepsen.util: 0	:ok	:echo	{:echo "Please echo 105", :in_reply_to 39, :msg_id 39, :type "echo_ok"}
2023-02-27 01:03:13,901{GMT}	INFO	[jepsen worker 0] jepsen.util: 0	:invoke	:echo	"Please echo 83"
2023-02-27 01:03:13,903{GMT}	INFO	[jepsen worker 0] jepsen.util: 0	:ok	:echo	{:echo "Please echo 83", :in_reply_to 40, :msg_id 40, :type "echo_ok"}
2023-02-27 01:03:13,976{GMT}	INFO	[jepsen worker 0] jepsen.util: 0	:invoke	:echo	"Please echo 24"
2023-02-27 01:03:13,978{GMT}	INFO	[jepsen worker 0] jepsen.util: 0	:ok	:echo	{:echo "Please echo 24", :in_reply_to 41, :msg_id 41, :type "echo_ok"}
2023-02-27 01:03:14,045{GMT}	INFO	[jepsen worker 0] jepsen.util: 0	:invoke	:echo	"Please echo 24"
2023-02-27 01:03:14,047{GMT}	INFO	[jepsen worker 0] jepsen.util: 0	:ok	:echo	{:echo "Please echo 24", :in_reply_to 42, :msg_id 42, :type "echo_ok"}
2023-02-27 01:03:14,383{GMT}	INFO	[jepsen worker 0] jepsen.util: 0	:invoke	:echo	"Please echo 9"
2023-02-27 01:03:14,386{GMT}	INFO	[jepsen worker 0] jepsen.util: 0	:ok	:echo	{:echo "Please echo 9", :in_reply_to 43, :msg_id 43, :type "echo_ok"}
2023-02-27 01:03:14,724{GMT}	INFO	[jepsen worker 0] jepsen.util: 0	:invoke	:echo	"Please echo 15"
2023-02-27 01:03:14,729{GMT}	INFO	[jepsen worker 0] jepsen.util: 0	:ok	:echo	{:echo "Please echo 15", :in_reply_to 44, :msg_id 44, :type "echo_ok"}
2023-02-27 01:03:14,939{GMT}	INFO	[jepsen worker 0] jepsen.util: 0	:invoke	:echo	"Please echo 83"
2023-02-27 01:03:14,942{GMT}	INFO	[jepsen worker 0] jepsen.util: 0	:ok	:echo	{:echo "Please echo 83", :in_reply_to 45, :msg_id 45, :type "echo_ok"}
2023-02-27 01:03:14,944{GMT}	INFO	[jepsen worker 0] jepsen.util: 0	:invoke	:echo	"Please echo 31"
2023-02-27 01:03:14,945{GMT}	INFO	[jepsen worker 0] jepsen.util: 0	:ok	:echo	{:echo "Please echo 31", :in_reply_to 46, :msg_id 46, :type "echo_ok"}
2023-02-27 01:03:15,326{GMT}	INFO	[jepsen worker 0] jepsen.util: 0	:invoke	:echo	"Please echo 47"
2023-02-27 01:03:15,330{GMT}	INFO	[jepsen worker 0] jepsen.util: 0	:ok	:echo	{:echo "Please echo 47", :in_reply_to 47, :msg_id 47, :type "echo_ok"}
2023-02-27 01:03:15,626{GMT}	INFO	[jepsen worker 0] jepsen.util: 0	:invoke	:echo	"Please echo 61"
2023-02-27 01:03:15,629{GMT}	INFO	[jepsen worker 0] jepsen.util: 0	:ok	:echo	{:echo "Please echo 61", :in_reply_to 48, :msg_id 48, :type "echo_ok"}
2023-02-27 01:03:15,780{GMT}	INFO	[jepsen worker 0] jepsen.util: 0	:invoke	:echo	"Please echo 1"
2023-02-27 01:03:15,784{GMT}	INFO	[jepsen worker 0] jepsen.util: 0	:ok	:echo	{:echo "Please echo 1", :in_reply_to 49, :msg_id 49, :type "echo_ok"}
2023-02-27 01:03:16,053{GMT}	INFO	[jepsen worker 0] jepsen.util: 0	:invoke	:echo	"Please echo 66"
2023-02-27 01:03:16,056{GMT}	INFO	[jepsen worker 0] jepsen.util: 0	:ok	:echo	{:echo "Please echo 66", :in_reply_to 50, :msg_id 50, :type "echo_ok"}
2023-02-27 01:03:16,297{GMT}	INFO	[jepsen worker 0] jepsen.util: 0	:invoke	:echo	"Please echo 97"
2023-02-27 01:03:16,300{GMT}	INFO	[jepsen worker 0] jepsen.util: 0	:ok	:echo	{:echo "Please echo 97", :in_reply_to 51, :msg_id 51, :type "echo_ok"}
2023-02-27 01:03:16,331{GMT}	INFO	[jepsen worker 0] jepsen.util: 0	:invoke	:echo	"Please echo 66"
2023-02-27 01:03:16,333{GMT}	INFO	[jepsen worker 0] jepsen.util: 0	:ok	:echo	{:echo "Please echo 66", :in_reply_to 52, :msg_id 52, :type "echo_ok"}
2023-02-27 01:03:16,371{GMT}	INFO	[jepsen worker 0] jepsen.util: 0	:invoke	:echo	"Please echo 22"
2023-02-27 01:03:16,373{GMT}	INFO	[jepsen worker 0] jepsen.util: 0	:ok	:echo	{:echo "Please echo 22", :in_reply_to 53, :msg_id 53, :type "echo_ok"}
2023-02-27 01:03:16,392{GMT}	INFO	[jepsen test runner] jepsen.core: Run complete, writing
2023-02-27 01:03:16,436{GMT}	INFO	[jepsen node n0] maelstrom.db: Tearing down n0
2023-02-27 01:03:17,546{GMT}	INFO	[jepsen node n0] maelstrom.net: Shutting down Maelstrom network
2023-02-27 01:03:17,547{GMT}	INFO	[jepsen test runner] jepsen.core: Analyzing...
2023-02-27 01:03:17,671{GMT}	INFO	[jepsen test runner] jepsen.core: Analysis complete
2023-02-27 01:03:17,678{GMT}	INFO	[jepsen results] jepsen.store: Wrote /Users/dennisdang/Desktop/maelstrom-echo/maelstrom/store/echo/20230227T010305.666-0500/results.edn
2023-02-27 01:03:17,702{GMT}	INFO	[jepsen test runner] jepsen.core: {:perf {:latency-graph {:valid? true},
        :rate-graph {:valid? true},
        :valid? true},
 :timeline {:valid? true},
 :exceptions {:valid? true},
 :stats {:valid? true,
         :count 53,
         :ok-count 53,
         :fail-count 0,
         :info-count 0,
         :by-f {:echo {:valid? true,
                       :count 53,
                       :ok-count 53,
                       :fail-count 0,
                       :info-count 0}}},
 :availability {:valid? true, :ok-fraction 1.0},
 :net {:all {:send-count 108,
             :recv-count 108,
             :msg-count 108,
             :msgs-per-op 2.037736},
       :clients {:send-count 108, :recv-count 108, :msg-count 108},
       :servers {:send-count 0,
                 :recv-count 0,
                 :msg-count 0,
                 :msgs-per-op 0.0},
       :valid? true},
 :workload {:valid? true, :errors ()},
 :valid? true}


Everything looks good! ヽ(‘ー`)ノ
