2023-02-25 01:32:10,439{GMT}	INFO	[jepsen test runner] jepsen.core: Command line:
lein run test -w echo --bin /Users/dennisdang/go/bin/maelstrom-echo --node-count 1 --time-limit 10
2023-02-25 01:32:10,470{GMT}	INFO	[jepsen test runner] jepsen.core: Running test:
{:args []
 :remote
 #jepsen.control.retry.Remote{:remote #jepsen.control.scp.Remote{:cmd-remote #jepsen.control.sshj.SSHJRemote{:concurrency-limit 6,
                                                                                                             :conn-spec nil,
                                                                                                             :client nil,
                                                                                                             :semaphore nil},
                                                                 :conn-spec nil},
                              :conn nil}
 :log-net-send false
 :node-count 1
 :availability nil
 :max-txn-length 4
 :concurrency 1
 :db
 #object[maelstrom.db$db$reify__16142
         "0x3b42d7df"
         "maelstrom.db$db$reify__16142@3b42d7df"]
 :max-writes-per-key 16
 :leave-db-running? false
 :name "echo"
 :logging-json? false
 :start-time
 #object[org.joda.time.DateTime "0x64b262a7" "2023-02-25T01:32:10.408-05:00"]
 :nemesis-interval 10
 :net
 #object[maelstrom.net$jepsen_net$reify__15251
         "0x771c4015"
         "maelstrom.net$jepsen_net$reify__15251@771c4015"]
 :client
 #object[maelstrom.workload.echo$client$reify__16863
         "0x34d776eb"
         "maelstrom.workload.echo$client$reify__16863@34d776eb"]
 :barrier
 #object[java.util.concurrent.CyclicBarrier
         "0x60a3a0fa"
         "java.util.concurrent.CyclicBarrier@60a3a0fa"]
 :log-stderr false
 :pure-generators true
 :ssh {:dummy? true}
 :rate 5
 :checker
 #object[jepsen.checker$compose$reify__11881
         "0x17734113"
         "jepsen.checker$compose$reify__11881@17734113"]
 :argv
 ("test"
  "-w"
  "echo"
  "--bin"
  "/Users/dennisdang/go/bin/maelstrom-echo"
  "--node-count"
  "1"
  "--time-limit"
  "10")
 :nemesis
 (jepsen.nemesis.ReflCompose
  {:fm {:start-partition 0,
        :stop-partition 0,
        :kill 1,
        :start 1,
        :pause 1,
        :resume 1},
   :nemeses [#unprintable "jepsen.nemesis.combined$partition_nemesis$reify__16416@27aa700"
             #unprintable "jepsen.nemesis.combined$db_nemesis$reify__16397@d15f98a"]})
 :nodes ["n0"]
 :test-count 1
 :latency {:mean 0, :dist :constant}
 :bin "/Users/dennisdang/go/bin/maelstrom-echo"
 :generator
 (jepsen.generator.TimeLimit
  {:limit 10000000000,
   :cutoff nil,
   :gen (jepsen.generator.Any
         {:gens [(jepsen.generator.OnThreads
                  {:f #{:nemesis},
                   :context-filter #object[jepsen.generator.context$make_thread_filter$lazy_filter__9167
                                           "0x9c88323"
                                           "jepsen.generator.context$make_thread_filter$lazy_filter__9167@9c88323"],
                   :gen nil})
                 (jepsen.generator.OnThreads
                  {:f #jepsen.generator.context.AllBut{:element :nemesis},
                   :context-filter #object[jepsen.generator.context$make_thread_filter$lazy_filter__9167
                                           "0x6d4bdb75"
                                           "jepsen.generator.context$make_thread_filter$lazy_filter__9167@6d4bdb75"],
                   :gen (jepsen.generator.Stagger
                         {:dt 400000000,
                          :next-time nil,
                          :gen (jepsen.generator.EachThread
                                {:fresh-gen #object[maelstrom.workload.echo$workload$fn__16882
                                                    "0x1dc47df3"
                                                    "maelstrom.workload.echo$workload$fn__16882@1dc47df3"],
                                 :context-filters #object[clojure.core$promise$reify__8591
                                                          "0x256a25a8"
                                                          {:status :pending,
                                                           :val nil}],
                                 :gens {}})})})]})})
 :log-net-recv false
 :os
 #object[maelstrom.net$jepsen_os$reify__15254
         "0x68f67bbd"
         "maelstrom.net$jepsen_os$reify__15254@68f67bbd"]
 :time-limit 10
 :workload :echo
 :consistency-models [:strict-serializable]
 :topology :grid}

2023-02-25 01:32:11,251{GMT}	INFO	[jepsen node n0] maelstrom.net: Starting Maelstrom network
2023-02-25 01:32:11,251{GMT}	INFO	[jepsen test runner] jepsen.db: Tearing down DB
2023-02-25 01:32:11,252{GMT}	INFO	[jepsen test runner] jepsen.db: Setting up DB
2023-02-25 01:32:11,253{GMT}	INFO	[jepsen node n0] maelstrom.service: Starting services: (lin-kv lin-tso lww-kv seq-kv)
2023-02-25 01:32:11,254{GMT}	INFO	[jepsen node n0] maelstrom.db: Setting up n0
2023-02-25 01:32:11,255{GMT}	INFO	[jepsen node n0] maelstrom.process: launching /Users/dennisdang/go/bin/maelstrom-echo []
2023-02-25 01:32:11,381{GMT}	INFO	[jepsen test runner] jepsen.core: Relative time begins now
2023-02-25 01:32:11,391{GMT}	INFO	[jepsen worker 0] jepsen.util: 0	:invoke	:echo	"Please echo 114"
2023-02-25 01:32:11,394{GMT}	INFO	[jepsen worker 0] jepsen.util: 0	:ok	:echo	{:echo "Please echo 114", :in_reply_to 1, :msg_id 1, :type "echo_ok"}
2023-02-25 01:32:11,580{GMT}	INFO	[jepsen worker 0] jepsen.util: 0	:invoke	:echo	"Please echo 25"
2023-02-25 01:32:11,582{GMT}	INFO	[jepsen worker 0] jepsen.util: 0	:ok	:echo	{:echo "Please echo 25", :in_reply_to 2, :msg_id 2, :type "echo_ok"}
2023-02-25 01:32:11,745{GMT}	INFO	[jepsen worker 0] jepsen.util: 0	:invoke	:echo	"Please echo 35"
2023-02-25 01:32:11,750{GMT}	INFO	[jepsen worker 0] jepsen.util: 0	:ok	:echo	{:echo "Please echo 35", :in_reply_to 3, :msg_id 3, :type "echo_ok"}
2023-02-25 01:32:11,953{GMT}	INFO	[jepsen worker 0] jepsen.util: 0	:invoke	:echo	"Please echo 64"
2023-02-25 01:32:11,957{GMT}	INFO	[jepsen worker 0] jepsen.util: 0	:ok	:echo	{:echo "Please echo 64", :in_reply_to 4, :msg_id 4, :type "echo_ok"}
2023-02-25 01:32:12,004{GMT}	INFO	[jepsen worker 0] jepsen.util: 0	:invoke	:echo	"Please echo 66"
2023-02-25 01:32:12,006{GMT}	INFO	[jepsen worker 0] jepsen.util: 0	:ok	:echo	{:echo "Please echo 66", :in_reply_to 5, :msg_id 5, :type "echo_ok"}
2023-02-25 01:32:12,384{GMT}	INFO	[jepsen worker 0] jepsen.util: 0	:invoke	:echo	"Please echo 60"
2023-02-25 01:32:12,387{GMT}	INFO	[jepsen worker 0] jepsen.util: 0	:ok	:echo	{:echo "Please echo 60", :in_reply_to 6, :msg_id 6, :type "echo_ok"}
2023-02-25 01:32:12,499{GMT}	INFO	[jepsen worker 0] jepsen.util: 0	:invoke	:echo	"Please echo 103"
2023-02-25 01:32:12,504{GMT}	INFO	[jepsen worker 0] jepsen.util: 0	:ok	:echo	{:echo "Please echo 103", :in_reply_to 7, :msg_id 7, :type "echo_ok"}
2023-02-25 01:32:12,628{GMT}	INFO	[jepsen worker 0] jepsen.util: 0	:invoke	:echo	"Please echo 2"
2023-02-25 01:32:12,632{GMT}	INFO	[jepsen worker 0] jepsen.util: 0	:ok	:echo	{:echo "Please echo 2", :in_reply_to 8, :msg_id 8, :type "echo_ok"}
2023-02-25 01:32:12,823{GMT}	INFO	[jepsen worker 0] jepsen.util: 0	:invoke	:echo	"Please echo 51"
2023-02-25 01:32:12,827{GMT}	INFO	[jepsen worker 0] jepsen.util: 0	:ok	:echo	{:echo "Please echo 51", :in_reply_to 9, :msg_id 9, :type "echo_ok"}
2023-02-25 01:32:13,141{GMT}	INFO	[jepsen worker 0] jepsen.util: 0	:invoke	:echo	"Please echo 48"
2023-02-25 01:32:13,146{GMT}	INFO	[jepsen worker 0] jepsen.util: 0	:ok	:echo	{:echo "Please echo 48", :in_reply_to 10, :msg_id 10, :type "echo_ok"}
2023-02-25 01:32:13,240{GMT}	INFO	[jepsen worker 0] jepsen.util: 0	:invoke	:echo	"Please echo 101"
2023-02-25 01:32:13,242{GMT}	INFO	[jepsen worker 0] jepsen.util: 0	:ok	:echo	{:echo "Please echo 101", :in_reply_to 11, :msg_id 11, :type "echo_ok"}
2023-02-25 01:32:13,613{GMT}	INFO	[jepsen worker 0] jepsen.util: 0	:invoke	:echo	"Please echo 93"
2023-02-25 01:32:13,616{GMT}	INFO	[jepsen worker 0] jepsen.util: 0	:ok	:echo	{:echo "Please echo 93", :in_reply_to 12, :msg_id 12, :type "echo_ok"}
2023-02-25 01:32:13,972{GMT}	INFO	[jepsen worker 0] jepsen.util: 0	:invoke	:echo	"Please echo 73"
2023-02-25 01:32:13,974{GMT}	INFO	[jepsen worker 0] jepsen.util: 0	:ok	:echo	{:echo "Please echo 73", :in_reply_to 13, :msg_id 13, :type "echo_ok"}
2023-02-25 01:32:14,005{GMT}	INFO	[jepsen worker 0] jepsen.util: 0	:invoke	:echo	"Please echo 16"
2023-02-25 01:32:14,007{GMT}	INFO	[jepsen worker 0] jepsen.util: 0	:ok	:echo	{:echo "Please echo 16", :in_reply_to 14, :msg_id 14, :type "echo_ok"}
2023-02-25 01:32:14,093{GMT}	INFO	[jepsen worker 0] jepsen.util: 0	:invoke	:echo	"Please echo 17"
2023-02-25 01:32:14,095{GMT}	INFO	[jepsen worker 0] jepsen.util: 0	:ok	:echo	{:echo "Please echo 17", :in_reply_to 15, :msg_id 15, :type "echo_ok"}
2023-02-25 01:32:14,477{GMT}	INFO	[jepsen worker 0] jepsen.util: 0	:invoke	:echo	"Please echo 14"
2023-02-25 01:32:14,479{GMT}	INFO	[jepsen worker 0] jepsen.util: 0	:ok	:echo	{:echo "Please echo 14", :in_reply_to 16, :msg_id 16, :type "echo_ok"}
2023-02-25 01:32:14,839{GMT}	INFO	[jepsen worker 0] jepsen.util: 0	:invoke	:echo	"Please echo 103"
2023-02-25 01:32:14,841{GMT}	INFO	[jepsen worker 0] jepsen.util: 0	:ok	:echo	{:echo "Please echo 103", :in_reply_to 17, :msg_id 17, :type "echo_ok"}
2023-02-25 01:32:14,899{GMT}	INFO	[jepsen worker 0] jepsen.util: 0	:invoke	:echo	"Please echo 43"
2023-02-25 01:32:14,900{GMT}	INFO	[jepsen worker 0] jepsen.util: 0	:ok	:echo	{:echo "Please echo 43", :in_reply_to 18, :msg_id 18, :type "echo_ok"}
2023-02-25 01:32:15,219{GMT}	INFO	[jepsen worker 0] jepsen.util: 0	:invoke	:echo	"Please echo 93"
2023-02-25 01:32:15,221{GMT}	INFO	[jepsen worker 0] jepsen.util: 0	:ok	:echo	{:echo "Please echo 93", :in_reply_to 19, :msg_id 19, :type "echo_ok"}
2023-02-25 01:32:15,538{GMT}	INFO	[jepsen worker 0] jepsen.util: 0	:invoke	:echo	"Please echo 94"
2023-02-25 01:32:15,540{GMT}	INFO	[jepsen worker 0] jepsen.util: 0	:ok	:echo	{:echo "Please echo 94", :in_reply_to 20, :msg_id 20, :type "echo_ok"}
2023-02-25 01:32:15,892{GMT}	INFO	[jepsen worker 0] jepsen.util: 0	:invoke	:echo	"Please echo 22"
2023-02-25 01:32:15,898{GMT}	INFO	[jepsen worker 0] jepsen.util: 0	:ok	:echo	{:echo "Please echo 22", :in_reply_to 21, :msg_id 21, :type "echo_ok"}
2023-02-25 01:32:16,281{GMT}	INFO	[jepsen worker 0] jepsen.util: 0	:invoke	:echo	"Please echo 9"
2023-02-25 01:32:16,282{GMT}	INFO	[jepsen worker 0] jepsen.util: 0	:ok	:echo	{:echo "Please echo 9", :in_reply_to 22, :msg_id 22, :type "echo_ok"}
2023-02-25 01:32:16,605{GMT}	INFO	[jepsen worker 0] jepsen.util: 0	:invoke	:echo	"Please echo 104"
2023-02-25 01:32:16,607{GMT}	INFO	[jepsen worker 0] jepsen.util: 0	:ok	:echo	{:echo "Please echo 104", :in_reply_to 23, :msg_id 23, :type "echo_ok"}
2023-02-25 01:32:17,006{GMT}	INFO	[jepsen worker 0] jepsen.util: 0	:invoke	:echo	"Please echo 99"
2023-02-25 01:32:17,011{GMT}	INFO	[jepsen worker 0] jepsen.util: 0	:ok	:echo	{:echo "Please echo 99", :in_reply_to 24, :msg_id 24, :type "echo_ok"}
2023-02-25 01:32:17,218{GMT}	INFO	[jepsen worker 0] jepsen.util: 0	:invoke	:echo	"Please echo 68"
2023-02-25 01:32:17,220{GMT}	INFO	[jepsen worker 0] jepsen.util: 0	:ok	:echo	{:echo "Please echo 68", :in_reply_to 25, :msg_id 25, :type "echo_ok"}
2023-02-25 01:32:17,230{GMT}	INFO	[jepsen worker 0] jepsen.util: 0	:invoke	:echo	"Please echo 127"
2023-02-25 01:32:17,230{GMT}	INFO	[jepsen worker 0] jepsen.util: 0	:ok	:echo	{:echo "Please echo 127", :in_reply_to 26, :msg_id 26, :type "echo_ok"}
2023-02-25 01:32:17,566{GMT}	INFO	[jepsen worker 0] jepsen.util: 0	:invoke	:echo	"Please echo 49"
2023-02-25 01:32:17,568{GMT}	INFO	[jepsen worker 0] jepsen.util: 0	:ok	:echo	{:echo "Please echo 49", :in_reply_to 27, :msg_id 27, :type "echo_ok"}
2023-02-25 01:32:17,725{GMT}	INFO	[jepsen worker 0] jepsen.util: 0	:invoke	:echo	"Please echo 1"
2023-02-25 01:32:17,727{GMT}	INFO	[jepsen worker 0] jepsen.util: 0	:ok	:echo	{:echo "Please echo 1", :in_reply_to 28, :msg_id 28, :type "echo_ok"}
2023-02-25 01:32:18,110{GMT}	INFO	[jepsen worker 0] jepsen.util: 0	:invoke	:echo	"Please echo 5"
2023-02-25 01:32:18,114{GMT}	INFO	[jepsen worker 0] jepsen.util: 0	:ok	:echo	{:echo "Please echo 5", :in_reply_to 29, :msg_id 29, :type "echo_ok"}
2023-02-25 01:32:18,190{GMT}	INFO	[jepsen worker 0] jepsen.util: 0	:invoke	:echo	"Please echo 13"
2023-02-25 01:32:18,192{GMT}	INFO	[jepsen worker 0] jepsen.util: 0	:ok	:echo	{:echo "Please echo 13", :in_reply_to 30, :msg_id 30, :type "echo_ok"}
2023-02-25 01:32:18,346{GMT}	INFO	[jepsen worker 0] jepsen.util: 0	:invoke	:echo	"Please echo 40"
2023-02-25 01:32:18,348{GMT}	INFO	[jepsen worker 0] jepsen.util: 0	:ok	:echo	{:echo "Please echo 40", :in_reply_to 31, :msg_id 31, :type "echo_ok"}
2023-02-25 01:32:18,394{GMT}	INFO	[jepsen worker 0] jepsen.util: 0	:invoke	:echo	"Please echo 11"
2023-02-25 01:32:18,395{GMT}	INFO	[jepsen worker 0] jepsen.util: 0	:ok	:echo	{:echo "Please echo 11", :in_reply_to 32, :msg_id 32, :type "echo_ok"}
2023-02-25 01:32:18,705{GMT}	INFO	[jepsen worker 0] jepsen.util: 0	:invoke	:echo	"Please echo 109"
2023-02-25 01:32:18,713{GMT}	INFO	[jepsen worker 0] jepsen.util: 0	:ok	:echo	{:echo "Please echo 109", :in_reply_to 33, :msg_id 33, :type "echo_ok"}
2023-02-25 01:32:19,081{GMT}	INFO	[jepsen worker 0] jepsen.util: 0	:invoke	:echo	"Please echo 60"
2023-02-25 01:32:19,090{GMT}	INFO	[jepsen worker 0] jepsen.util: 0	:ok	:echo	{:echo "Please echo 60", :in_reply_to 34, :msg_id 34, :type "echo_ok"}
2023-02-25 01:32:19,419{GMT}	INFO	[jepsen worker 0] jepsen.util: 0	:invoke	:echo	"Please echo 16"
2023-02-25 01:32:19,434{GMT}	INFO	[jepsen worker 0] jepsen.util: 0	:ok	:echo	{:echo "Please echo 16", :in_reply_to 35, :msg_id 35, :type "echo_ok"}
2023-02-25 01:32:19,675{GMT}	INFO	[jepsen worker 0] jepsen.util: 0	:invoke	:echo	"Please echo 65"
2023-02-25 01:32:19,686{GMT}	INFO	[jepsen worker 0] jepsen.util: 0	:ok	:echo	{:echo "Please echo 65", :in_reply_to 36, :msg_id 36, :type "echo_ok"}
2023-02-25 01:32:19,972{GMT}	INFO	[jepsen worker 0] jepsen.util: 0	:invoke	:echo	"Please echo 92"
2023-02-25 01:32:19,980{GMT}	INFO	[jepsen worker 0] jepsen.util: 0	:ok	:echo	{:echo "Please echo 92", :in_reply_to 37, :msg_id 37, :type "echo_ok"}
2023-02-25 01:32:20,060{GMT}	INFO	[jepsen worker 0] jepsen.util: 0	:invoke	:echo	"Please echo 124"
2023-02-25 01:32:20,073{GMT}	INFO	[jepsen worker 0] jepsen.util: 0	:ok	:echo	{:echo "Please echo 124", :in_reply_to 38, :msg_id 38, :type "echo_ok"}
2023-02-25 01:32:20,111{GMT}	INFO	[jepsen worker 0] jepsen.util: 0	:invoke	:echo	"Please echo 62"
2023-02-25 01:32:20,113{GMT}	INFO	[jepsen worker 0] jepsen.util: 0	:ok	:echo	{:echo "Please echo 62", :in_reply_to 39, :msg_id 39, :type "echo_ok"}
2023-02-25 01:32:20,283{GMT}	INFO	[jepsen worker 0] jepsen.util: 0	:invoke	:echo	"Please echo 77"
2023-02-25 01:32:20,292{GMT}	INFO	[jepsen worker 0] jepsen.util: 0	:ok	:echo	{:echo "Please echo 77", :in_reply_to 40, :msg_id 40, :type "echo_ok"}
2023-02-25 01:32:20,664{GMT}	INFO	[jepsen worker 0] jepsen.util: 0	:invoke	:echo	"Please echo 9"
2023-02-25 01:32:20,671{GMT}	INFO	[jepsen worker 0] jepsen.util: 0	:ok	:echo	{:echo "Please echo 9", :in_reply_to 41, :msg_id 41, :type "echo_ok"}
2023-02-25 01:32:20,963{GMT}	INFO	[jepsen worker 0] jepsen.util: 0	:invoke	:echo	"Please echo 126"
2023-02-25 01:32:20,971{GMT}	INFO	[jepsen worker 0] jepsen.util: 0	:ok	:echo	{:echo "Please echo 126", :in_reply_to 42, :msg_id 42, :type "echo_ok"}
2023-02-25 01:32:21,246{GMT}	INFO	[jepsen worker 0] jepsen.util: 0	:invoke	:echo	"Please echo 118"
2023-02-25 01:32:21,252{GMT}	INFO	[jepsen worker 0] jepsen.util: 0	:ok	:echo	{:echo "Please echo 118", :in_reply_to 43, :msg_id 43, :type "echo_ok"}
2023-02-25 01:32:21,278{GMT}	INFO	[jepsen test runner] jepsen.core: Run complete, writing
2023-02-25 01:32:21,325{GMT}	INFO	[jepsen node n0] maelstrom.db: Tearing down n0
2023-02-25 01:32:22,307{GMT}	INFO	[jepsen node n0] maelstrom.net: Shutting down Maelstrom network
2023-02-25 01:32:22,308{GMT}	INFO	[jepsen test runner] jepsen.core: Analyzing...
2023-02-25 01:32:24,374{GMT}	INFO	[jepsen test runner] jepsen.core: Analysis complete
2023-02-25 01:32:24,379{GMT}	INFO	[jepsen results] jepsen.store: Wrote /Users/dennisdang/Desktop/dev/maelstrom-echo/maelstrom/store/echo/20230225T013210.408-0500/results.edn
2023-02-25 01:32:24,404{GMT}	INFO	[jepsen test runner] jepsen.core: {:perf {:latency-graph {:valid? true},
        :rate-graph {:valid? true},
        :valid? true},
 :timeline {:valid? true},
 :exceptions {:valid? true},
 :stats {:valid? true,
         :count 43,
         :ok-count 43,
         :fail-count 0,
         :info-count 0,
         :by-f {:echo {:valid? true,
                       :count 43,
                       :ok-count 43,
                       :fail-count 0,
                       :info-count 0}}},
 :availability {:valid? true, :ok-fraction 1.0},
 :net {:all {:send-count 88,
             :recv-count 88,
             :msg-count 88,
             :msgs-per-op 2.0465117},
       :clients {:send-count 88, :recv-count 88, :msg-count 88},
       :servers {:send-count 0,
                 :recv-count 0,
                 :msg-count 0,
                 :msgs-per-op 0.0},
       :valid? true},
 :workload {:valid? true, :errors ()},
 :valid? true}


Everything looks good! ヽ(‘ー`)ノ
