2023-02-27 00:58:21,046{GMT}	INFO	[jepsen test runner] jepsen.core: Command line:
lein run test -w echo --bin /Users/dennisdang/go/bin/maelstrom-echo --node-count 1 --time-limit 10
2023-02-27 00:58:21,078{GMT}	INFO	[jepsen test runner] jepsen.core: Running test:
{:args []
 :remote
 #jepsen.control.retry.Remote{:remote #jepsen.control.scp.Remote{:cmd-remote #jepsen.control.sshj.SSHJRemote{:concurrency-limit 6,
                                                                                                             :conn-spec nil,
                                                                                                             :client nil,
                                                                                                             :semaphore nil},
                                                                 :conn-spec nil},
                              :conn nil}
 :log-net-send false
 :node-count 1
 :availability nil
 :max-txn-length 4
 :concurrency 1
 :db
 #object[maelstrom.db$db$reify__16142
         "0x40941b54"
         "maelstrom.db$db$reify__16142@40941b54"]
 :max-writes-per-key 16
 :leave-db-running? false
 :name "echo"
 :logging-json? false
 :start-time
 #object[org.joda.time.DateTime "0x49e3b86b" "2023-02-27T00:58:21.014-05:00"]
 :nemesis-interval 10
 :net
 #object[maelstrom.net$jepsen_net$reify__15251
         "0x64b262a7"
         "maelstrom.net$jepsen_net$reify__15251@64b262a7"]
 :client
 #object[maelstrom.workload.echo$client$reify__16863
         "0x771c4015"
         "maelstrom.workload.echo$client$reify__16863@771c4015"]
 :barrier
 #object[java.util.concurrent.CyclicBarrier
         "0x34d776eb"
         "java.util.concurrent.CyclicBarrier@34d776eb"]
 :log-stderr false
 :pure-generators true
 :ssh {:dummy? true}
 :rate 5
 :checker
 #object[jepsen.checker$compose$reify__11881
         "0x60a3a0fa"
         "jepsen.checker$compose$reify__11881@60a3a0fa"]
 :argv
 ("test"
  "-w"
  "echo"
  "--bin"
  "/Users/dennisdang/go/bin/maelstrom-echo"
  "--node-count"
  "1"
  "--time-limit"
  "10")
 :nemesis
 (jepsen.nemesis.ReflCompose
  {:fm {:start-partition 0,
        :stop-partition 0,
        :kill 1,
        :start 1,
        :pause 1,
        :resume 1},
   :nemeses [#unprintable "jepsen.nemesis.combined$partition_nemesis$reify__16416@17734113"
             #unprintable "jepsen.nemesis.combined$db_nemesis$reify__16397@27aa700"]})
 :nodes ["n0"]
 :test-count 1
 :latency {:mean 0, :dist :constant}
 :bin "/Users/dennisdang/go/bin/maelstrom-echo"
 :generator
 (jepsen.generator.TimeLimit
  {:limit 10000000000,
   :cutoff nil,
   :gen (jepsen.generator.Any
         {:gens [(jepsen.generator.OnThreads
                  {:f #{:nemesis},
                   :context-filter #object[jepsen.generator.context$make_thread_filter$lazy_filter__9167
                                           "0x61fb3dae"
                                           "jepsen.generator.context$make_thread_filter$lazy_filter__9167@61fb3dae"],
                   :gen nil})
                 (jepsen.generator.OnThreads
                  {:f #jepsen.generator.context.AllBut{:element :nemesis},
                   :context-filter #object[jepsen.generator.context$make_thread_filter$lazy_filter__9167
                                           "0x9c88323"
                                           "jepsen.generator.context$make_thread_filter$lazy_filter__9167@9c88323"],
                   :gen (jepsen.generator.Stagger
                         {:dt 400000000,
                          :next-time nil,
                          :gen (jepsen.generator.EachThread
                                {:fresh-gen #object[maelstrom.workload.echo$workload$fn__16882
                                                    "0x6d4bdb75"
                                                    "maelstrom.workload.echo$workload$fn__16882@6d4bdb75"],
                                 :context-filters #object[clojure.core$promise$reify__8591
                                                          "0x1dc47df3"
                                                          {:status :pending,
                                                           :val nil}],
                                 :gens {}})})})]})})
 :log-net-recv false
 :os
 #object[maelstrom.net$jepsen_os$reify__15254
         "0x256a25a8"
         "maelstrom.net$jepsen_os$reify__15254@256a25a8"]
 :time-limit 10
 :workload :echo
 :consistency-models [:strict-serializable]
 :topology :grid}

2023-02-27 00:58:21,865{GMT}	INFO	[jepsen node n0] maelstrom.net: Starting Maelstrom network
2023-02-27 00:58:21,866{GMT}	INFO	[jepsen test runner] jepsen.db: Tearing down DB
2023-02-27 00:58:21,866{GMT}	INFO	[jepsen test runner] jepsen.db: Setting up DB
2023-02-27 00:58:21,867{GMT}	INFO	[jepsen node n0] maelstrom.service: Starting services: (lin-kv lin-tso lww-kv seq-kv)
2023-02-27 00:58:21,868{GMT}	INFO	[jepsen node n0] maelstrom.db: Setting up n0
2023-02-27 00:58:21,868{GMT}	INFO	[jepsen node n0] maelstrom.process: launching /Users/dennisdang/go/bin/maelstrom-echo []
2023-02-27 00:58:21,912{GMT}	INFO	[jepsen test runner] jepsen.core: Relative time begins now
2023-02-27 00:58:21,919{GMT}	INFO	[jepsen worker 0] jepsen.util: 0	:invoke	:echo	"Please echo 43"
2023-02-27 00:58:21,922{GMT}	INFO	[jepsen worker 0] jepsen.util: 0	:ok	:echo	{:echo "Please echo 43", :in_reply_to 1, :msg_id 1, :type "echo_ok"}
2023-02-27 00:58:21,988{GMT}	INFO	[jepsen worker 0] jepsen.util: 0	:invoke	:echo	"Please echo 73"
2023-02-27 00:58:21,989{GMT}	INFO	[jepsen worker 0] jepsen.util: 0	:ok	:echo	{:echo "Please echo 73", :in_reply_to 2, :msg_id 2, :type "echo_ok"}
2023-02-27 00:58:22,164{GMT}	INFO	[jepsen worker 0] jepsen.util: 0	:invoke	:echo	"Please echo 101"
2023-02-27 00:58:22,165{GMT}	INFO	[jepsen worker 0] jepsen.util: 0	:ok	:echo	{:echo "Please echo 101", :in_reply_to 3, :msg_id 3, :type "echo_ok"}
2023-02-27 00:58:22,502{GMT}	INFO	[jepsen worker 0] jepsen.util: 0	:invoke	:echo	"Please echo 82"
2023-02-27 00:58:22,504{GMT}	INFO	[jepsen worker 0] jepsen.util: 0	:ok	:echo	{:echo "Please echo 82", :in_reply_to 4, :msg_id 4, :type "echo_ok"}
2023-02-27 00:58:22,887{GMT}	INFO	[jepsen worker 0] jepsen.util: 0	:invoke	:echo	"Please echo 7"
2023-02-27 00:58:22,893{GMT}	INFO	[jepsen worker 0] jepsen.util: 0	:ok	:echo	{:echo "Please echo 7", :in_reply_to 5, :msg_id 5, :type "echo_ok"}
2023-02-27 00:58:23,180{GMT}	INFO	[jepsen worker 0] jepsen.util: 0	:invoke	:echo	"Please echo 75"
2023-02-27 00:58:23,186{GMT}	INFO	[jepsen worker 0] jepsen.util: 0	:ok	:echo	{:echo "Please echo 75", :in_reply_to 6, :msg_id 6, :type "echo_ok"}
2023-02-27 00:58:23,366{GMT}	INFO	[jepsen worker 0] jepsen.util: 0	:invoke	:echo	"Please echo 50"
2023-02-27 00:58:23,372{GMT}	INFO	[jepsen worker 0] jepsen.util: 0	:ok	:echo	{:echo "Please echo 50", :in_reply_to 7, :msg_id 7, :type "echo_ok"}
2023-02-27 00:58:23,731{GMT}	INFO	[jepsen worker 0] jepsen.util: 0	:invoke	:echo	"Please echo 127"
2023-02-27 00:58:23,735{GMT}	INFO	[jepsen worker 0] jepsen.util: 0	:ok	:echo	{:echo "Please echo 127", :in_reply_to 8, :msg_id 8, :type "echo_ok"}
2023-02-27 00:58:23,860{GMT}	INFO	[jepsen worker 0] jepsen.util: 0	:invoke	:echo	"Please echo 26"
2023-02-27 00:58:23,864{GMT}	INFO	[jepsen worker 0] jepsen.util: 0	:ok	:echo	{:echo "Please echo 26", :in_reply_to 9, :msg_id 9, :type "echo_ok"}
2023-02-27 00:58:24,251{GMT}	INFO	[jepsen worker 0] jepsen.util: 0	:invoke	:echo	"Please echo 51"
2023-02-27 00:58:24,255{GMT}	INFO	[jepsen worker 0] jepsen.util: 0	:ok	:echo	{:echo "Please echo 51", :in_reply_to 10, :msg_id 10, :type "echo_ok"}
2023-02-27 00:58:24,279{GMT}	INFO	[jepsen worker 0] jepsen.util: 0	:invoke	:echo	"Please echo 43"
2023-02-27 00:58:24,280{GMT}	INFO	[jepsen worker 0] jepsen.util: 0	:ok	:echo	{:echo "Please echo 43", :in_reply_to 11, :msg_id 11, :type "echo_ok"}
2023-02-27 00:58:24,484{GMT}	INFO	[jepsen worker 0] jepsen.util: 0	:invoke	:echo	"Please echo 21"
2023-02-27 00:58:24,489{GMT}	INFO	[jepsen worker 0] jepsen.util: 0	:ok	:echo	{:echo "Please echo 21", :in_reply_to 12, :msg_id 12, :type "echo_ok"}
2023-02-27 00:58:24,793{GMT}	INFO	[jepsen worker 0] jepsen.util: 0	:invoke	:echo	"Please echo 114"
2023-02-27 00:58:24,796{GMT}	INFO	[jepsen worker 0] jepsen.util: 0	:ok	:echo	{:echo "Please echo 114", :in_reply_to 13, :msg_id 13, :type "echo_ok"}
2023-02-27 00:58:25,120{GMT}	INFO	[jepsen worker 0] jepsen.util: 0	:invoke	:echo	"Please echo 118"
2023-02-27 00:58:25,124{GMT}	INFO	[jepsen worker 0] jepsen.util: 0	:ok	:echo	{:echo "Please echo 118", :in_reply_to 14, :msg_id 14, :type "echo_ok"}
2023-02-27 00:58:25,144{GMT}	INFO	[jepsen worker 0] jepsen.util: 0	:invoke	:echo	"Please echo 9"
2023-02-27 00:58:25,146{GMT}	INFO	[jepsen worker 0] jepsen.util: 0	:ok	:echo	{:echo "Please echo 9", :in_reply_to 15, :msg_id 15, :type "echo_ok"}
2023-02-27 00:58:25,372{GMT}	INFO	[jepsen worker 0] jepsen.util: 0	:invoke	:echo	"Please echo 90"
2023-02-27 00:58:25,375{GMT}	INFO	[jepsen worker 0] jepsen.util: 0	:ok	:echo	{:echo "Please echo 90", :in_reply_to 16, :msg_id 16, :type "echo_ok"}
2023-02-27 00:58:25,410{GMT}	INFO	[jepsen worker 0] jepsen.util: 0	:invoke	:echo	"Please echo 116"
2023-02-27 00:58:25,412{GMT}	INFO	[jepsen worker 0] jepsen.util: 0	:ok	:echo	{:echo "Please echo 116", :in_reply_to 17, :msg_id 17, :type "echo_ok"}
2023-02-27 00:58:25,761{GMT}	INFO	[jepsen worker 0] jepsen.util: 0	:invoke	:echo	"Please echo 37"
2023-02-27 00:58:25,764{GMT}	INFO	[jepsen worker 0] jepsen.util: 0	:ok	:echo	{:echo "Please echo 37", :in_reply_to 18, :msg_id 18, :type "echo_ok"}
2023-02-27 00:58:25,930{GMT}	INFO	[jepsen worker 0] jepsen.util: 0	:invoke	:echo	"Please echo 6"
2023-02-27 00:58:25,935{GMT}	INFO	[jepsen worker 0] jepsen.util: 0	:ok	:echo	{:echo "Please echo 6", :in_reply_to 19, :msg_id 19, :type "echo_ok"}
2023-02-27 00:58:26,144{GMT}	INFO	[jepsen worker 0] jepsen.util: 0	:invoke	:echo	"Please echo 23"
2023-02-27 00:58:26,149{GMT}	INFO	[jepsen worker 0] jepsen.util: 0	:ok	:echo	{:echo "Please echo 23", :in_reply_to 20, :msg_id 20, :type "echo_ok"}
2023-02-27 00:58:26,456{GMT}	INFO	[jepsen worker 0] jepsen.util: 0	:invoke	:echo	"Please echo 3"
2023-02-27 00:58:26,464{GMT}	INFO	[jepsen worker 0] jepsen.util: 0	:ok	:echo	{:echo "Please echo 3", :in_reply_to 21, :msg_id 21, :type "echo_ok"}
2023-02-27 00:58:26,750{GMT}	INFO	[jepsen worker 0] jepsen.util: 0	:invoke	:echo	"Please echo 121"
2023-02-27 00:58:26,752{GMT}	INFO	[jepsen worker 0] jepsen.util: 0	:ok	:echo	{:echo "Please echo 121", :in_reply_to 22, :msg_id 22, :type "echo_ok"}
2023-02-27 00:58:27,083{GMT}	INFO	[jepsen worker 0] jepsen.util: 0	:invoke	:echo	"Please echo 54"
2023-02-27 00:58:27,086{GMT}	INFO	[jepsen worker 0] jepsen.util: 0	:ok	:echo	{:echo "Please echo 54", :in_reply_to 23, :msg_id 23, :type "echo_ok"}
2023-02-27 00:58:27,147{GMT}	INFO	[jepsen worker 0] jepsen.util: 0	:invoke	:echo	"Please echo 32"
2023-02-27 00:58:27,149{GMT}	INFO	[jepsen worker 0] jepsen.util: 0	:ok	:echo	{:echo "Please echo 32", :in_reply_to 24, :msg_id 24, :type "echo_ok"}
2023-02-27 00:58:27,504{GMT}	INFO	[jepsen worker 0] jepsen.util: 0	:invoke	:echo	"Please echo 42"
2023-02-27 00:58:27,508{GMT}	INFO	[jepsen worker 0] jepsen.util: 0	:ok	:echo	{:echo "Please echo 42", :in_reply_to 25, :msg_id 25, :type "echo_ok"}
2023-02-27 00:58:27,615{GMT}	INFO	[jepsen worker 0] jepsen.util: 0	:invoke	:echo	"Please echo 71"
2023-02-27 00:58:27,618{GMT}	INFO	[jepsen worker 0] jepsen.util: 0	:ok	:echo	{:echo "Please echo 71", :in_reply_to 26, :msg_id 26, :type "echo_ok"}
2023-02-27 00:58:27,754{GMT}	INFO	[jepsen worker 0] jepsen.util: 0	:invoke	:echo	"Please echo 1"
2023-02-27 00:58:27,758{GMT}	INFO	[jepsen worker 0] jepsen.util: 0	:ok	:echo	{:echo "Please echo 1", :in_reply_to 27, :msg_id 27, :type "echo_ok"}
2023-02-27 00:58:27,812{GMT}	INFO	[jepsen worker 0] jepsen.util: 0	:invoke	:echo	"Please echo 36"
2023-02-27 00:58:27,814{GMT}	INFO	[jepsen worker 0] jepsen.util: 0	:ok	:echo	{:echo "Please echo 36", :in_reply_to 28, :msg_id 28, :type "echo_ok"}
2023-02-27 00:58:27,821{GMT}	INFO	[jepsen worker 0] jepsen.util: 0	:invoke	:echo	"Please echo 57"
2023-02-27 00:58:27,822{GMT}	INFO	[jepsen worker 0] jepsen.util: 0	:ok	:echo	{:echo "Please echo 57", :in_reply_to 29, :msg_id 29, :type "echo_ok"}
2023-02-27 00:58:27,986{GMT}	INFO	[jepsen worker 0] jepsen.util: 0	:invoke	:echo	"Please echo 19"
2023-02-27 00:58:27,990{GMT}	INFO	[jepsen worker 0] jepsen.util: 0	:ok	:echo	{:echo "Please echo 19", :in_reply_to 30, :msg_id 30, :type "echo_ok"}
2023-02-27 00:58:27,997{GMT}	INFO	[jepsen worker 0] jepsen.util: 0	:invoke	:echo	"Please echo 96"
2023-02-27 00:58:27,998{GMT}	INFO	[jepsen worker 0] jepsen.util: 0	:ok	:echo	{:echo "Please echo 96", :in_reply_to 31, :msg_id 31, :type "echo_ok"}
2023-02-27 00:58:28,215{GMT}	INFO	[jepsen worker 0] jepsen.util: 0	:invoke	:echo	"Please echo 125"
2023-02-27 00:58:28,219{GMT}	INFO	[jepsen worker 0] jepsen.util: 0	:ok	:echo	{:echo "Please echo 125", :in_reply_to 32, :msg_id 32, :type "echo_ok"}
2023-02-27 00:58:28,481{GMT}	INFO	[jepsen worker 0] jepsen.util: 0	:invoke	:echo	"Please echo 88"
2023-02-27 00:58:28,485{GMT}	INFO	[jepsen worker 0] jepsen.util: 0	:ok	:echo	{:echo "Please echo 88", :in_reply_to 33, :msg_id 33, :type "echo_ok"}
2023-02-27 00:58:28,597{GMT}	INFO	[jepsen worker 0] jepsen.util: 0	:invoke	:echo	"Please echo 22"
2023-02-27 00:58:28,599{GMT}	INFO	[jepsen worker 0] jepsen.util: 0	:ok	:echo	{:echo "Please echo 22", :in_reply_to 34, :msg_id 34, :type "echo_ok"}
2023-02-27 00:58:28,743{GMT}	INFO	[jepsen worker 0] jepsen.util: 0	:invoke	:echo	"Please echo 86"
2023-02-27 00:58:28,745{GMT}	INFO	[jepsen worker 0] jepsen.util: 0	:ok	:echo	{:echo "Please echo 86", :in_reply_to 35, :msg_id 35, :type "echo_ok"}
2023-02-27 00:58:29,008{GMT}	INFO	[jepsen worker 0] jepsen.util: 0	:invoke	:echo	"Please echo 102"
2023-02-27 00:58:29,014{GMT}	INFO	[jepsen worker 0] jepsen.util: 0	:ok	:echo	{:echo "Please echo 102", :in_reply_to 36, :msg_id 36, :type "echo_ok"}
2023-02-27 00:58:29,015{GMT}	INFO	[jepsen worker 0] jepsen.util: 0	:invoke	:echo	"Please echo 42"
2023-02-27 00:58:29,016{GMT}	INFO	[jepsen worker 0] jepsen.util: 0	:ok	:echo	{:echo "Please echo 42", :in_reply_to 37, :msg_id 37, :type "echo_ok"}
2023-02-27 00:58:29,405{GMT}	INFO	[jepsen worker 0] jepsen.util: 0	:invoke	:echo	"Please echo 68"
2023-02-27 00:58:29,409{GMT}	INFO	[jepsen worker 0] jepsen.util: 0	:ok	:echo	{:echo "Please echo 68", :in_reply_to 38, :msg_id 38, :type "echo_ok"}
2023-02-27 00:58:29,644{GMT}	INFO	[jepsen worker 0] jepsen.util: 0	:invoke	:echo	"Please echo 78"
2023-02-27 00:58:29,649{GMT}	INFO	[jepsen worker 0] jepsen.util: 0	:ok	:echo	{:echo "Please echo 78", :in_reply_to 39, :msg_id 39, :type "echo_ok"}
2023-02-27 00:58:30,038{GMT}	INFO	[jepsen worker 0] jepsen.util: 0	:invoke	:echo	"Please echo 101"
2023-02-27 00:58:30,044{GMT}	INFO	[jepsen worker 0] jepsen.util: 0	:ok	:echo	{:echo "Please echo 101", :in_reply_to 40, :msg_id 40, :type "echo_ok"}
2023-02-27 00:58:30,048{GMT}	INFO	[jepsen worker 0] jepsen.util: 0	:invoke	:echo	"Please echo 74"
2023-02-27 00:58:30,049{GMT}	INFO	[jepsen worker 0] jepsen.util: 0	:ok	:echo	{:echo "Please echo 74", :in_reply_to 41, :msg_id 41, :type "echo_ok"}
2023-02-27 00:58:30,162{GMT}	INFO	[jepsen worker 0] jepsen.util: 0	:invoke	:echo	"Please echo 126"
2023-02-27 00:58:30,165{GMT}	INFO	[jepsen worker 0] jepsen.util: 0	:ok	:echo	{:echo "Please echo 126", :in_reply_to 42, :msg_id 42, :type "echo_ok"}
2023-02-27 00:58:30,474{GMT}	INFO	[jepsen worker 0] jepsen.util: 0	:invoke	:echo	"Please echo 54"
2023-02-27 00:58:30,477{GMT}	INFO	[jepsen worker 0] jepsen.util: 0	:ok	:echo	{:echo "Please echo 54", :in_reply_to 43, :msg_id 43, :type "echo_ok"}
2023-02-27 00:58:30,765{GMT}	INFO	[jepsen worker 0] jepsen.util: 0	:invoke	:echo	"Please echo 61"
2023-02-27 00:58:30,768{GMT}	INFO	[jepsen worker 0] jepsen.util: 0	:ok	:echo	{:echo "Please echo 61", :in_reply_to 44, :msg_id 44, :type "echo_ok"}
2023-02-27 00:58:30,768{GMT}	INFO	[jepsen worker 0] jepsen.util: 0	:invoke	:echo	"Please echo 81"
2023-02-27 00:58:30,769{GMT}	INFO	[jepsen worker 0] jepsen.util: 0	:ok	:echo	{:echo "Please echo 81", :in_reply_to 45, :msg_id 45, :type "echo_ok"}
2023-02-27 00:58:31,037{GMT}	INFO	[jepsen worker 0] jepsen.util: 0	:invoke	:echo	"Please echo 5"
2023-02-27 00:58:31,041{GMT}	INFO	[jepsen worker 0] jepsen.util: 0	:ok	:echo	{:echo "Please echo 5", :in_reply_to 46, :msg_id 46, :type "echo_ok"}
2023-02-27 00:58:31,397{GMT}	INFO	[jepsen worker 0] jepsen.util: 0	:invoke	:echo	"Please echo 67"
2023-02-27 00:58:31,402{GMT}	INFO	[jepsen worker 0] jepsen.util: 0	:ok	:echo	{:echo "Please echo 67", :in_reply_to 47, :msg_id 47, :type "echo_ok"}
2023-02-27 00:58:31,585{GMT}	INFO	[jepsen worker 0] jepsen.util: 0	:invoke	:echo	"Please echo 35"
2023-02-27 00:58:31,586{GMT}	INFO	[jepsen worker 0] jepsen.util: 0	:ok	:echo	{:echo "Please echo 35", :in_reply_to 48, :msg_id 48, :type "echo_ok"}
2023-02-27 00:58:31,896{GMT}	INFO	[jepsen worker 0] jepsen.util: 0	:invoke	:echo	"Please echo 21"
2023-02-27 00:58:31,901{GMT}	INFO	[jepsen worker 0] jepsen.util: 0	:ok	:echo	{:echo "Please echo 21", :in_reply_to 49, :msg_id 49, :type "echo_ok"}
2023-02-27 00:58:31,919{GMT}	INFO	[jepsen test runner] jepsen.core: Run complete, writing
2023-02-27 00:58:31,959{GMT}	INFO	[jepsen node n0] maelstrom.db: Tearing down n0
2023-02-27 00:58:32,919{GMT}	INFO	[jepsen node n0] maelstrom.net: Shutting down Maelstrom network
2023-02-27 00:58:32,921{GMT}	INFO	[jepsen test runner] jepsen.core: Analyzing...
2023-02-27 00:58:33,805{GMT}	INFO	[jepsen test runner] jepsen.core: Analysis complete
2023-02-27 00:58:33,809{GMT}	INFO	[jepsen results] jepsen.store: Wrote /Users/dennisdang/Desktop/maelstrom-echo/maelstrom/store/echo/20230227T005821.014-0500/results.edn
2023-02-27 00:58:33,854{GMT}	INFO	[jepsen test runner] jepsen.core: {:perf {:latency-graph {:valid? true},
        :rate-graph {:valid? true},
        :valid? true},
 :timeline {:valid? true},
 :exceptions {:valid? true},
 :stats {:valid? true,
         :count 49,
         :ok-count 49,
         :fail-count 0,
         :info-count 0,
         :by-f {:echo {:valid? true,
                       :count 49,
                       :ok-count 49,
                       :fail-count 0,
                       :info-count 0}}},
 :availability {:valid? true, :ok-fraction 1.0},
 :net {:all {:send-count 100,
             :recv-count 100,
             :msg-count 100,
             :msgs-per-op 2.0408163},
       :clients {:send-count 100, :recv-count 100, :msg-count 100},
       :servers {:send-count 0,
                 :recv-count 0,
                 :msg-count 0,
                 :msgs-per-op 0.0},
       :valid? true},
 :workload {:valid? true, :errors ()},
 :valid? true}


Everything looks good! ヽ(‘ー`)ノ
